2024-11-19 16:34:04,191 - INFO - Started Object Detection Process.
2024-11-19 16:34:38,265 - INFO - YOLOv5 model loaded successfully.
2024-11-19 16:34:38,487 - INFO - Detections made on image raw_telegram_data/photo_2024-11-19_10-26-24 (3).jpg: 9 objects found.
2024-11-19 16:34:38,712 - INFO - Annotated image saved to detection_results/photo_2024-11-19_10-26-24 (3)_annotated.jpg.
2024-11-19 16:34:38,791 - INFO - Detections made on image raw_telegram_data/photo_2024-11-19_10-26-51 (1).jpg: 6 objects found.
2024-11-19 16:34:38,797 - INFO - Annotated image saved to detection_results/photo_2024-11-19_10-26-51 (1)_annotated.jpg.
2024-11-19 16:34:38,929 - INFO - Detections made on image raw_telegram_data/photo_2024-11-19_10-31-47.jpg: 11 objects found.
2024-11-19 16:34:38,932 - INFO - Annotated image saved to detection_results/photo_2024-11-19_10-31-47_annotated.jpg.
2024-11-19 16:34:39,012 - INFO - Detections made on image raw_telegram_data/photo_2024-11-19_10-31-44 (4).jpg: 6 objects found.
2024-11-19 16:34:39,019 - INFO - Annotated image saved to detection_results/photo_2024-11-19_10-31-44 (4)_annotated.jpg.
2024-11-19 16:34:39,123 - INFO - Detections made on image raw_telegram_data/photo_2024-11-19_10-26-57 (2).jpg: 0 objects found.
2024-11-19 16:34:39,125 - INFO - Annotated image saved to detection_results/photo_2024-11-19_10-26-57 (2)_annotated.jpg.
2024-11-19 16:34:39,206 - INFO - Detections made on image raw_telegram_data/photo_2024-11-19_10-31-32 (3).jpg: 2 objects found.
2024-11-19 16:34:39,212 - INFO - Annotated image saved to detection_results/photo_2024-11-19_10-31-32 (3)_annotated.jpg.
2024-11-19 16:34:39,265 - INFO - Detections made on image raw_telegram_data/photo_2024-11-19_10-31-49 (2).jpg: 2 objects found.
2024-11-19 16:34:39,270 - INFO - Annotated image saved to detection_results/photo_2024-11-19_10-31-49 (2)_annotated.jpg.
2024-11-19 16:34:39,376 - INFO - Detections made on image raw_telegram_data/photo_2024-11-19_10-27-02 (4).jpg: 0 objects found.
2024-11-19 16:34:39,383 - INFO - Annotated image saved to detection_results/photo_2024-11-19_10-27-02 (4)_annotated.jpg.
2024-11-19 16:34:39,534 - INFO - Detections made on image raw_telegram_data/photo_2024-11-19_10-27-12.jpg: 0 objects found.
2024-11-19 16:34:39,543 - INFO - Annotated image saved to detection_results/photo_2024-11-19_10-27-12_annotated.jpg.
2024-11-19 16:34:39,790 - INFO - Detections made on image raw_telegram_data/photo_2024-11-19_10-31-39.jpg: 11 objects found.
2024-11-19 16:34:39,805 - INFO - Annotated image saved to detection_results/photo_2024-11-19_10-31-39_annotated.jpg.
2024-11-19 16:34:40,211 - INFO - Detections made on image raw_telegram_data/photo_2024-11-19_10-27-08 (6).jpg: 0 objects found.
2024-11-19 16:34:40,213 - INFO - Annotated image saved to detection_results/photo_2024-11-19_10-27-08 (6)_annotated.jpg.
2024-11-19 16:34:40,565 - INFO - Detections made on image raw_telegram_data/photo_2024-11-19_10-26-19 (2).jpg: 2 objects found.
2024-11-19 16:34:40,571 - INFO - Annotated image saved to detection_results/photo_2024-11-19_10-26-19 (2)_annotated.jpg.
2024-11-19 16:34:40,853 - INFO - Detections made on image raw_telegram_data/photo_2024-11-19_10-31-37.jpg: 1 objects found.
2024-11-19 16:34:40,872 - INFO - Annotated image saved to detection_results/photo_2024-11-19_10-31-37_annotated.jpg.
2024-11-19 16:34:40,948 - INFO - Detections made on image raw_telegram_data/photo_2024-11-19_10-26-42 (1).jpg: 4 objects found.
2024-11-19 16:34:40,957 - INFO - Annotated image saved to detection_results/photo_2024-11-19_10-26-42 (1)_annotated.jpg.
2024-11-19 16:34:41,078 - INFO - Detections made on image raw_telegram_data/photo_2024-11-19_10-26-59 (2).jpg: 0 objects found.
2024-11-19 16:34:41,086 - INFO - Annotated image saved to detection_results/photo_2024-11-19_10-26-59 (2)_annotated.jpg.
2024-11-19 16:34:41,188 - INFO - Detections made on image raw_telegram_data/photo_2024-11-19_10-27-03 (1).jpg: 1 objects found.
2024-11-19 16:34:41,190 - INFO - Annotated image saved to detection_results/photo_2024-11-19_10-27-03 (1)_annotated.jpg.
2024-11-19 16:34:41,289 - INFO - Detections made on image raw_telegram_data/photo_2024-11-19_10-27-14 (4).jpg: 0 objects found.
2024-11-19 16:34:41,290 - INFO - Annotated image saved to detection_results/photo_2024-11-19_10-27-14 (4)_annotated.jpg.
2024-11-19 16:34:41,399 - INFO - Detections made on image raw_telegram_data/photo_2024-11-19_10-31-46.jpg: 0 objects found.
2024-11-19 16:34:41,400 - INFO - Annotated image saved to detection_results/photo_2024-11-19_10-31-46_annotated.jpg.
2024-11-19 16:34:41,506 - INFO - Detections made on image raw_telegram_data/photo_2024-11-19_10-27-20 (3).jpg: 0 objects found.
2024-11-19 16:34:41,511 - INFO - Annotated image saved to detection_results/photo_2024-11-19_10-27-20 (3)_annotated.jpg.
2024-11-19 16:34:41,617 - INFO - Detections made on image raw_telegram_data/photo_2024-11-19_10-27-49 (3).jpg: 0 objects found.
2024-11-19 16:34:41,626 - INFO - Annotated image saved to detection_results/photo_2024-11-19_10-27-49 (3)_annotated.jpg.
2024-11-19 16:34:41,776 - INFO - Detections made on image raw_telegram_data/photo_2024-11-19_10-27-14 (1).jpg: 0 objects found.
2024-11-19 16:34:41,784 - INFO - Annotated image saved to detection_results/photo_2024-11-19_10-27-14 (1)_annotated.jpg.
2024-11-19 16:34:41,889 - INFO - Detections made on image raw_telegram_data/photo_2024-11-19_10-31-43.jpg: 2 objects found.
2024-11-19 16:34:41,895 - INFO - Annotated image saved to detection_results/photo_2024-11-19_10-31-43_annotated.jpg.
2024-11-19 16:34:42,007 - INFO - Detections made on image raw_telegram_data/photo_2024-11-19_10-27-17 (6).jpg: 0 objects found.
2024-11-19 16:34:42,012 - INFO - Annotated image saved to detection_results/photo_2024-11-19_10-27-17 (6)_annotated.jpg.
2024-11-19 16:34:42,109 - INFO - Detections made on image raw_telegram_data/photo_2024-11-19_10-27-06 (2).jpg: 0 objects found.
2024-11-19 16:34:42,116 - INFO - Annotated image saved to detection_results/photo_2024-11-19_10-27-06 (2)_annotated.jpg.
2024-11-19 16:34:42,201 - INFO - Detections made on image raw_telegram_data/photo_2024-11-19_10-27-15 (3).jpg: 0 objects found.
2024-11-19 16:34:42,203 - INFO - Annotated image saved to detection_results/photo_2024-11-19_10-27-15 (3)_annotated.jpg.
2024-11-19 16:34:42,318 - INFO - Detections made on image raw_telegram_data/photo_2024-11-19_10-27-14 (3).jpg: 0 objects found.
2024-11-19 16:34:42,320 - INFO - Annotated image saved to detection_results/photo_2024-11-19_10-27-14 (3)_annotated.jpg.
2024-11-19 16:34:42,400 - INFO - Detections made on image raw_telegram_data/photo_2024-11-19_10-31-45 (3).jpg: 6 objects found.
2024-11-19 16:34:42,407 - INFO - Annotated image saved to detection_results/photo_2024-11-19_10-31-45 (3)_annotated.jpg.
2024-11-19 16:34:42,455 - INFO - Detections made on image raw_telegram_data/photo_2024-11-19_10-26-59.jpg: 0 objects found.
2024-11-19 16:34:42,457 - INFO - Annotated image saved to detection_results/photo_2024-11-19_10-26-59_annotated.jpg.
2024-11-19 16:34:42,527 - INFO - Detections made on image raw_telegram_data/photo_2024-11-19_10-26-24 (2).jpg: 6 objects found.
2024-11-19 16:34:42,533 - INFO - Annotated image saved to detection_results/photo_2024-11-19_10-26-24 (2)_annotated.jpg.
2024-11-19 16:34:42,619 - INFO - Detections made on image raw_telegram_data/photo_2024-11-19_10-31-33.jpg: 7 objects found.
2024-11-19 16:34:42,627 - INFO - Annotated image saved to detection_results/photo_2024-11-19_10-31-33_annotated.jpg.
2024-11-19 16:34:42,730 - INFO - Detections made on image raw_telegram_data/photo_2024-11-19_10-27-05 (2).jpg: 0 objects found.
2024-11-19 16:34:42,732 - INFO - Annotated image saved to detection_results/photo_2024-11-19_10-27-05 (2)_annotated.jpg.
2024-11-19 16:34:42,846 - INFO - Detections made on image raw_telegram_data/photo_2024-11-19_10-26-58.jpg: 0 objects found.
2024-11-19 16:34:42,854 - INFO - Annotated image saved to detection_results/photo_2024-11-19_10-26-58_annotated.jpg.
2024-11-19 16:34:42,966 - INFO - Detections made on image raw_telegram_data/photo_2024-11-19_10-26-43 (2).jpg: 7 objects found.
2024-11-19 16:34:42,973 - INFO - Annotated image saved to detection_results/photo_2024-11-19_10-26-43 (2)_annotated.jpg.
2024-11-19 16:34:43,116 - INFO - Detections made on image raw_telegram_data/photo_2024-11-19_10-26-23.jpg: 14 objects found.
2024-11-19 16:34:43,121 - INFO - Annotated image saved to detection_results/photo_2024-11-19_10-26-23_annotated.jpg.
2024-11-19 16:34:43,203 - INFO - Detections made on image raw_telegram_data/photo_2024-11-19_10-31-49 (1).jpg: 11 objects found.
2024-11-19 16:34:43,210 - INFO - Annotated image saved to detection_results/photo_2024-11-19_10-31-49 (1)_annotated.jpg.
2024-11-19 16:34:43,295 - INFO - Detections made on image raw_telegram_data/photo_2024-11-19_10-26-24 (1).jpg: 5 objects found.
2024-11-19 16:34:43,299 - INFO - Annotated image saved to detection_results/photo_2024-11-19_10-26-24 (1)_annotated.jpg.
2024-11-19 16:34:43,395 - INFO - Detections made on image raw_telegram_data/photo_2024-11-19_10-27-03 (4).jpg: 1 objects found.
2024-11-19 16:34:43,400 - INFO - Annotated image saved to detection_results/photo_2024-11-19_10-27-03 (4)_annotated.jpg.
2024-11-19 16:34:43,538 - INFO - Detections made on image raw_telegram_data/photo_2024-11-19_10-27-49 (4).jpg: 0 objects found.
2024-11-19 16:34:43,545 - INFO - Annotated image saved to detection_results/photo_2024-11-19_10-27-49 (4)_annotated.jpg.
2024-11-19 16:34:43,663 - INFO - Detections made on image raw_telegram_data/photo_2024-11-19_10-31-28 (1).jpg: 6 objects found.
2024-11-19 16:34:43,670 - INFO - Annotated image saved to detection_results/photo_2024-11-19_10-31-28 (1)_annotated.jpg.
2024-11-19 16:34:43,755 - INFO - Detections made on image raw_telegram_data/photo_2024-11-19_10-31-49.jpg: 0 objects found.
2024-11-19 16:34:43,757 - INFO - Annotated image saved to detection_results/photo_2024-11-19_10-31-49_annotated.jpg.
2024-11-19 16:34:43,812 - INFO - Detections made on image raw_telegram_data/photo_2024-11-19_10-31-47 (1).jpg: 2 objects found.
2024-11-19 16:34:43,817 - INFO - Annotated image saved to detection_results/photo_2024-11-19_10-31-47 (1)_annotated.jpg.
2024-11-19 16:34:43,841 - ERROR - Error during object detection on raw_telegram_data/document_2024-11-19_10-31-37.mp4: Image not found or cannot be read: raw_telegram_data/document_2024-11-19_10-31-37.mp4
2024-11-19 16:34:43,909 - INFO - Detections made on image raw_telegram_data/photo_2024-11-19_10-27-49 (5).jpg: 4 objects found.
2024-11-19 16:34:43,915 - INFO - Annotated image saved to detection_results/photo_2024-11-19_10-27-49 (5)_annotated.jpg.
2024-11-19 16:34:44,015 - INFO - Detections made on image raw_telegram_data/photo_2024-11-19_10-27-12 (5).jpg: 0 objects found.
2024-11-19 16:34:44,024 - INFO - Annotated image saved to detection_results/photo_2024-11-19_10-27-12 (5)_annotated.jpg.
2024-11-19 16:34:44,202 - INFO - Detections made on image raw_telegram_data/photo_2024-11-19_10-31-35 (1).jpg: 15 objects found.
2024-11-19 16:34:44,212 - INFO - Annotated image saved to detection_results/photo_2024-11-19_10-31-35 (1)_annotated.jpg.
2024-11-19 16:34:44,302 - INFO - Detections made on image raw_telegram_data/photo_2024-11-19_10-31-33 (1).jpg: 0 objects found.
2024-11-19 16:34:44,308 - INFO - Annotated image saved to detection_results/photo_2024-11-19_10-31-33 (1)_annotated.jpg.
2024-11-19 16:34:44,395 - INFO - Detections made on image raw_telegram_data/photo_2024-11-19_10-27-40.jpg: 9 objects found.
2024-11-19 16:34:44,401 - INFO - Annotated image saved to detection_results/photo_2024-11-19_10-27-40_annotated.jpg.
2024-11-19 16:34:44,512 - INFO - Detections made on image raw_telegram_data/photo_2024-11-19_10-27-47.jpg: 2 objects found.
2024-11-19 16:34:44,521 - INFO - Annotated image saved to detection_results/photo_2024-11-19_10-27-47_annotated.jpg.
2024-11-19 16:34:44,605 - INFO - Detections made on image raw_telegram_data/photo_2024-11-19_10-26-48.jpg: 3 objects found.
2024-11-19 16:34:44,608 - INFO - Annotated image saved to detection_results/photo_2024-11-19_10-26-48_annotated.jpg.
2024-11-19 16:34:44,678 - INFO - Detections made on image raw_telegram_data/photo_2024-11-19_10-26-55 (1).jpg: 8 objects found.
2024-11-19 16:34:44,685 - INFO - Annotated image saved to detection_results/photo_2024-11-19_10-26-55 (1)_annotated.jpg.
2024-11-19 16:34:44,792 - INFO - Detections made on image raw_telegram_data/photo_2024-11-19_10-27-05 (3).jpg: 1 objects found.
2024-11-19 16:34:44,798 - INFO - Annotated image saved to detection_results/photo_2024-11-19_10-27-05 (3)_annotated.jpg.
2024-11-19 16:34:44,905 - INFO - Detections made on image raw_telegram_data/photo_2024-11-19_10-27-15 (2).jpg: 1 objects found.
2024-11-19 16:34:44,907 - INFO - Annotated image saved to detection_results/photo_2024-11-19_10-27-15 (2)_annotated.jpg.
2024-11-19 16:34:45,013 - INFO - Detections made on image raw_telegram_data/photo_2024-11-19_10-26-59 (5).jpg: 0 objects found.
2024-11-19 16:34:45,014 - INFO - Annotated image saved to detection_results/photo_2024-11-19_10-26-59 (5)_annotated.jpg.
2024-11-19 16:34:45,127 - INFO - Detections made on image raw_telegram_data/photo_2024-11-19_10-31-36 (1).jpg: 0 objects found.
2024-11-19 16:34:45,134 - INFO - Annotated image saved to detection_results/photo_2024-11-19_10-31-36 (1)_annotated.jpg.
2024-11-19 16:34:45,248 - INFO - Detections made on image raw_telegram_data/photo_2024-11-19_10-31-40 (2).jpg: 11 objects found.
2024-11-19 16:34:45,257 - INFO - Annotated image saved to detection_results/photo_2024-11-19_10-31-40 (2)_annotated.jpg.
2024-11-19 16:34:45,338 - INFO - Detections made on image raw_telegram_data/photo_2024-11-19_10-27-39 (3).jpg: 0 objects found.
2024-11-19 16:34:45,340 - INFO - Annotated image saved to detection_results/photo_2024-11-19_10-27-39 (3)_annotated.jpg.
2024-11-19 16:34:45,427 - INFO - Detections made on image raw_telegram_data/photo_2024-11-19_10-31-30 (1).jpg: 1 objects found.
2024-11-19 16:34:45,434 - INFO - Annotated image saved to detection_results/photo_2024-11-19_10-31-30 (1)_annotated.jpg.
2024-11-19 16:34:45,540 - INFO - Detections made on image raw_telegram_data/photo_2024-11-19_10-31-43 (2).jpg: 2 objects found.
2024-11-19 16:34:45,542 - INFO - Annotated image saved to detection_results/photo_2024-11-19_10-31-43 (2)_annotated.jpg.
2024-11-19 16:34:45,615 - INFO - Detections made on image raw_telegram_data/photo_2024-11-19_10-26-43 (1).jpg: 6 objects found.
2024-11-19 16:34:45,623 - INFO - Annotated image saved to detection_results/photo_2024-11-19_10-26-43 (1)_annotated.jpg.
2024-11-19 16:34:45,724 - INFO - Detections made on image raw_telegram_data/photo_2024-11-19_10-26-23 (1).jpg: 3 objects found.
2024-11-19 16:34:45,729 - INFO - Annotated image saved to detection_results/photo_2024-11-19_10-26-23 (1)_annotated.jpg.
2024-11-19 16:34:45,769 - ERROR - Error during object detection on raw_telegram_data/Letter to protect Forgery.pdf: Image not found or cannot be read: raw_telegram_data/Letter to protect Forgery.pdf
2024-11-19 16:34:45,840 - INFO - Detections made on image raw_telegram_data/photo_2024-11-19_10-26-54.jpg: 5 objects found.
2024-11-19 16:34:45,847 - INFO - Annotated image saved to detection_results/photo_2024-11-19_10-26-54_annotated.jpg.
2024-11-19 16:34:45,918 - INFO - Detections made on image raw_telegram_data/photo_2024-11-19_10-26-52 (2).jpg: 3 objects found.
2024-11-19 16:34:45,924 - INFO - Annotated image saved to detection_results/photo_2024-11-19_10-26-52 (2)_annotated.jpg.
2024-11-19 16:34:45,946 - ERROR - Error during object detection on raw_telegram_data/DoctorsET_messages.json: Image not found or cannot be read: raw_telegram_data/DoctorsET_messages.json
2024-11-19 16:34:46,071 - INFO - Detections made on image raw_telegram_data/photo_2024-11-19_10-27-06 (4).jpg: 0 objects found.
2024-11-19 16:34:46,078 - INFO - Annotated image saved to detection_results/photo_2024-11-19_10-27-06 (4)_annotated.jpg.
2024-11-19 16:34:46,198 - INFO - Detections made on image raw_telegram_data/photo_2024-11-19_10-26-22 (3).jpg: 6 objects found.
2024-11-19 16:34:46,201 - INFO - Annotated image saved to detection_results/photo_2024-11-19_10-26-22 (3)_annotated.jpg.
2024-11-19 16:34:46,534 - INFO - Detections made on image raw_telegram_data/photo_2024-11-19_10-26-50.jpg: 7 objects found.
2024-11-19 16:34:46,542 - INFO - Annotated image saved to detection_results/photo_2024-11-19_10-26-50_annotated.jpg.
2024-11-19 16:34:46,700 - INFO - Detections made on image raw_telegram_data/photo_2024-11-19_10-31-42 (1).jpg: 2 objects found.
2024-11-19 16:34:46,703 - INFO - Annotated image saved to detection_results/photo_2024-11-19_10-31-42 (1)_annotated.jpg.
2024-11-19 16:34:46,823 - INFO - Detections made on image raw_telegram_data/photo_2024-11-19_10-31-44 (2).jpg: 0 objects found.
2024-11-19 16:34:46,825 - INFO - Annotated image saved to detection_results/photo_2024-11-19_10-31-44 (2)_annotated.jpg.
2024-11-19 16:34:47,449 - INFO - Detections made on image raw_telegram_data/photo_2024-11-19_10-26-17.jpg: 4 objects found.
2024-11-19 16:34:47,455 - INFO - Annotated image saved to detection_results/photo_2024-11-19_10-26-17_annotated.jpg.
2024-11-19 16:34:47,576 - INFO - Detections made on image raw_telegram_data/photo_2024-11-19_10-26-57.jpg: 0 objects found.
2024-11-19 16:34:47,587 - INFO - Annotated image saved to detection_results/photo_2024-11-19_10-26-57_annotated.jpg.
2024-11-19 16:34:47,696 - INFO - Detections made on image raw_telegram_data/photo_2024-11-19_10-31-33 (2).jpg: 0 objects found.
2024-11-19 16:34:47,697 - INFO - Annotated image saved to detection_results/photo_2024-11-19_10-31-33 (2)_annotated.jpg.
2024-11-19 16:34:47,797 - INFO - Detections made on image raw_telegram_data/photo_2024-11-19_10-27-17.jpg: 0 objects found.
2024-11-19 16:34:47,801 - INFO - Annotated image saved to detection_results/photo_2024-11-19_10-27-17_annotated.jpg.
2024-11-19 16:34:47,916 - INFO - Detections made on image raw_telegram_data/photo_2024-11-19_10-31-27.jpg: 5 objects found.
2024-11-19 16:34:47,925 - INFO - Annotated image saved to detection_results/photo_2024-11-19_10-31-27_annotated.jpg.
2024-11-19 16:34:48,059 - INFO - Detections made on image raw_telegram_data/photo_2024-11-19_10-27-17 (1).jpg: 0 objects found.
2024-11-19 16:34:48,062 - INFO - Annotated image saved to detection_results/photo_2024-11-19_10-27-17 (1)_annotated.jpg.
2024-11-19 16:34:48,147 - INFO - Detections made on image raw_telegram_data/photo_2024-11-19_10-26-49.jpg: 4 objects found.
2024-11-19 16:34:48,153 - INFO - Annotated image saved to detection_results/photo_2024-11-19_10-26-49_annotated.jpg.
2024-11-19 16:34:48,235 - INFO - Detections made on image raw_telegram_data/photo_2024-11-19_10-31-38 (2).jpg: 0 objects found.
2024-11-19 16:34:48,240 - INFO - Annotated image saved to detection_results/photo_2024-11-19_10-31-38 (2)_annotated.jpg.
2024-11-19 16:34:48,349 - INFO - Detections made on image raw_telegram_data/photo_2024-11-19_10-27-15.jpg: 0 objects found.
2024-11-19 16:34:48,356 - INFO - Annotated image saved to detection_results/photo_2024-11-19_10-27-15_annotated.jpg.
2024-11-19 16:34:48,469 - INFO - Detections made on image raw_telegram_data/photo_2024-11-19_10-27-46.jpg: 0 objects found.
2024-11-19 16:34:48,477 - INFO - Annotated image saved to detection_results/photo_2024-11-19_10-27-46_annotated.jpg.
2024-11-19 16:34:48,575 - INFO - Detections made on image raw_telegram_data/photo_2024-11-19_10-27-03 (2).jpg: 1 objects found.
2024-11-19 16:34:48,577 - INFO - Annotated image saved to detection_results/photo_2024-11-19_10-27-03 (2)_annotated.jpg.
2024-11-19 16:34:48,645 - INFO - Detections made on image raw_telegram_data/photo_2024-11-19_10-26-45 (2).jpg: 5 objects found.
2024-11-19 16:34:48,651 - INFO - Annotated image saved to detection_results/photo_2024-11-19_10-26-45 (2)_annotated.jpg.
2024-11-19 16:34:48,713 - INFO - Detections made on image raw_telegram_data/photo_2024-11-19_10-26-17 (1).jpg: 1 objects found.
2024-11-19 16:34:48,718 - INFO - Annotated image saved to detection_results/photo_2024-11-19_10-26-17 (1)_annotated.jpg.
2024-11-19 16:34:48,811 - INFO - Detections made on image raw_telegram_data/photo_2024-11-19_10-26-49 (2).jpg: 1 objects found.
2024-11-19 16:34:48,822 - INFO - Annotated image saved to detection_results/photo_2024-11-19_10-26-49 (2)_annotated.jpg.
2024-11-19 16:34:48,921 - INFO - Detections made on image raw_telegram_data/photo_2024-11-19_10-26-25 (1).jpg: 2 objects found.
2024-11-19 16:34:48,926 - INFO - Annotated image saved to detection_results/photo_2024-11-19_10-26-25 (1)_annotated.jpg.
2024-11-19 16:34:49,025 - INFO - Detections made on image raw_telegram_data/photo_2024-11-19_10-27-09 (2).jpg: 3 objects found.
2024-11-19 16:34:49,031 - INFO - Annotated image saved to detection_results/photo_2024-11-19_10-27-09 (2)_annotated.jpg.
2024-11-19 16:34:49,171 - INFO - Detections made on image raw_telegram_data/photo_2024-11-19_10-27-03 (5).jpg: 0 objects found.
2024-11-19 16:34:49,177 - INFO - Annotated image saved to detection_results/photo_2024-11-19_10-27-03 (5)_annotated.jpg.
2024-11-19 16:34:49,326 - INFO - Detections made on image raw_telegram_data/photo_2024-11-19_10-31-39 (2).jpg: 0 objects found.
2024-11-19 16:34:49,332 - INFO - Annotated image saved to detection_results/photo_2024-11-19_10-31-39 (2)_annotated.jpg.
2024-11-19 16:34:49,470 - INFO - Detections made on image raw_telegram_data/photo_2024-11-19_10-27-18 (2).jpg: 1 objects found.
2024-11-19 16:34:49,476 - INFO - Annotated image saved to detection_results/photo_2024-11-19_10-27-18 (2)_annotated.jpg.
2024-11-19 16:34:49,627 - INFO - Detections made on image raw_telegram_data/photo_2024-11-19_10-26-21 (1).jpg: 4 objects found.
2024-11-19 16:34:49,633 - INFO - Annotated image saved to detection_results/photo_2024-11-19_10-26-21 (1)_annotated.jpg.
2024-11-19 16:34:49,753 - INFO - Detections made on image raw_telegram_data/photo_2024-11-19_10-27-14.jpg: 0 objects found.
2024-11-19 16:34:49,760 - INFO - Annotated image saved to detection_results/photo_2024-11-19_10-27-14_annotated.jpg.
2024-11-19 16:34:49,818 - INFO - Detections made on image raw_telegram_data/photo_2024-11-19_10-26-46 (3).jpg: 2 objects found.
2024-11-19 16:34:49,824 - INFO - Annotated image saved to detection_results/photo_2024-11-19_10-26-46 (3)_annotated.jpg.
2024-11-19 16:34:49,946 - INFO - Detections made on image raw_telegram_data/photo_2024-11-19_10-26-57 (1).jpg: 0 objects found.
2024-11-19 16:34:49,954 - INFO - Annotated image saved to detection_results/photo_2024-11-19_10-26-57 (1)_annotated.jpg.
2024-11-19 16:34:50,064 - INFO - Detections made on image raw_telegram_data/photo_2024-11-19_10-27-39.jpg: 1 objects found.
2024-11-19 16:34:50,071 - INFO - Annotated image saved to detection_results/photo_2024-11-19_10-27-39_annotated.jpg.
2024-11-19 16:34:50,120 - INFO - Detections made on image raw_telegram_data/photo_2024-11-19_10-26-45 (4).jpg: 1 objects found.
2024-11-19 16:34:50,125 - INFO - Annotated image saved to detection_results/photo_2024-11-19_10-26-45 (4)_annotated.jpg.
2024-11-19 16:34:50,177 - INFO - Detections made on image raw_telegram_data/photo_2024-11-19_10-26-46 (2).jpg: 6 objects found.
2024-11-19 16:34:50,184 - INFO - Annotated image saved to detection_results/photo_2024-11-19_10-26-46 (2)_annotated.jpg.
2024-11-19 16:34:50,282 - INFO - Detections made on image raw_telegram_data/photo_2024-11-19_10-27-21.jpg: 0 objects found.
2024-11-19 16:34:50,290 - INFO - Annotated image saved to detection_results/photo_2024-11-19_10-27-21_annotated.jpg.
2024-11-19 16:34:50,392 - INFO - Detections made on image raw_telegram_data/photo_2024-11-19_10-26-56 (3).jpg: 1 objects found.
2024-11-19 16:34:50,395 - INFO - Annotated image saved to detection_results/photo_2024-11-19_10-26-56 (3)_annotated.jpg.
2024-11-19 16:34:50,462 - INFO - Detections made on image raw_telegram_data/photo_2024-11-19_10-26-54 (1).jpg: 3 objects found.
2024-11-19 16:34:50,468 - INFO - Annotated image saved to detection_results/photo_2024-11-19_10-26-54 (1)_annotated.jpg.
2024-11-19 16:34:50,550 - INFO - Detections made on image raw_telegram_data/photo_2024-11-19_10-27-21 (3).jpg: 0 objects found.
2024-11-19 16:34:50,555 - INFO - Annotated image saved to detection_results/photo_2024-11-19_10-27-21 (3)_annotated.jpg.
2024-11-19 16:34:50,609 - INFO - Detections made on image raw_telegram_data/photo_2024-11-19_10-26-53.jpg: 1 objects found.
2024-11-19 16:34:50,614 - INFO - Annotated image saved to detection_results/photo_2024-11-19_10-26-53_annotated.jpg.
2024-11-19 16:34:50,664 - INFO - Detections made on image raw_telegram_data/photo_2024-11-19_10-26-49 (3).jpg: 4 objects found.
2024-11-19 16:34:50,669 - INFO - Annotated image saved to detection_results/photo_2024-11-19_10-26-49 (3)_annotated.jpg.
2024-11-19 16:34:50,750 - INFO - Detections made on image raw_telegram_data/photo_2024-11-19_10-27-21 (5).jpg: 0 objects found.
2024-11-19 16:34:50,755 - INFO - Annotated image saved to detection_results/photo_2024-11-19_10-27-21 (5)_annotated.jpg.
2024-11-19 16:34:50,847 - INFO - Detections made on image raw_telegram_data/photo_2024-11-19_10-26-48 (3).jpg: 4 objects found.
2024-11-19 16:34:50,853 - INFO - Annotated image saved to detection_results/photo_2024-11-19_10-26-48 (3)_annotated.jpg.
2024-11-19 16:34:50,971 - INFO - Detections made on image raw_telegram_data/photo_2024-11-19_10-27-08 (3).jpg: 0 objects found.
2024-11-19 16:34:50,974 - INFO - Annotated image saved to detection_results/photo_2024-11-19_10-27-08 (3)_annotated.jpg.
2024-11-19 16:34:51,091 - INFO - Detections made on image raw_telegram_data/photo_2024-11-19_10-27-06.jpg: 0 objects found.
2024-11-19 16:34:51,099 - INFO - Annotated image saved to detection_results/photo_2024-11-19_10-27-06_annotated.jpg.
2024-11-19 16:34:51,180 - INFO - Detections made on image raw_telegram_data/photo_2024-11-19_10-26-45 (1).jpg: 7 objects found.
2024-11-19 16:34:51,187 - INFO - Annotated image saved to detection_results/photo_2024-11-19_10-26-45 (1)_annotated.jpg.
2024-11-19 16:34:51,291 - INFO - Detections made on image raw_telegram_data/photo_2024-11-19_10-27-07 (3).jpg: 0 objects found.
2024-11-19 16:34:51,293 - INFO - Annotated image saved to detection_results/photo_2024-11-19_10-27-07 (3)_annotated.jpg.
2024-11-19 16:34:51,362 - INFO - Detections made on image raw_telegram_data/photo_2024-11-19_10-26-24.jpg: 0 objects found.
2024-11-19 16:34:51,379 - INFO - Annotated image saved to detection_results/photo_2024-11-19_10-26-24_annotated.jpg.
2024-11-19 16:34:51,458 - INFO - Detections made on image raw_telegram_data/photo_2024-11-19_10-31-37 (1).jpg: 1 objects found.
2024-11-19 16:34:51,463 - INFO - Annotated image saved to detection_results/photo_2024-11-19_10-31-37 (1)_annotated.jpg.
2024-11-19 16:34:51,464 - ERROR - Error during object detection on raw_telegram_data/lobelia4cosmetics_messages.json: Image not found or cannot be read: raw_telegram_data/lobelia4cosmetics_messages.json
2024-11-19 16:34:51,586 - INFO - Detections made on image raw_telegram_data/photo_2024-11-19_10-26-19 (1).jpg: 15 objects found.
2024-11-19 16:34:51,604 - INFO - Annotated image saved to detection_results/photo_2024-11-19_10-26-19 (1)_annotated.jpg.
2024-11-19 16:34:51,702 - INFO - Detections made on image raw_telegram_data/photo_2024-11-19_10-27-13 (2).jpg: 1 objects found.
2024-11-19 16:34:51,704 - INFO - Annotated image saved to detection_results/photo_2024-11-19_10-27-13 (2)_annotated.jpg.
2024-11-19 16:34:51,739 - INFO - Detections made on image raw_telegram_data/photo_2024-11-19_10-27-07 (5).jpg: 0 objects found.
2024-11-19 16:34:51,741 - INFO - Annotated image saved to detection_results/photo_2024-11-19_10-27-07 (5)_annotated.jpg.
2024-11-19 16:34:51,812 - INFO - Detections made on image raw_telegram_data/photo_2024-11-19_10-27-05 (6).jpg: 0 objects found.
2024-11-19 16:34:51,813 - INFO - Annotated image saved to detection_results/photo_2024-11-19_10-27-05 (6)_annotated.jpg.
2024-11-19 16:34:51,894 - INFO - Detections made on image raw_telegram_data/photo_2024-11-19_10-27-44 (2).jpg: 0 objects found.
2024-11-19 16:34:51,903 - INFO - Annotated image saved to detection_results/photo_2024-11-19_10-27-44 (2)_annotated.jpg.
2024-11-19 16:34:51,977 - INFO - Detections made on image raw_telegram_data/photo_2024-11-19_10-31-35 (3).jpg: 4 objects found.
2024-11-19 16:34:51,984 - INFO - Annotated image saved to detection_results/photo_2024-11-19_10-31-35 (3)_annotated.jpg.
2024-11-19 16:34:52,046 - INFO - Detections made on image raw_telegram_data/photo_2024-11-19_10-26-51 (2).jpg: 3 objects found.
2024-11-19 16:34:52,052 - INFO - Annotated image saved to detection_results/photo_2024-11-19_10-26-51 (2)_annotated.jpg.
2024-11-19 16:34:52,115 - INFO - Detections made on image raw_telegram_data/photo_2024-11-19_10-31-41 (1).jpg: 2 objects found.
2024-11-19 16:34:52,121 - INFO - Annotated image saved to detection_results/photo_2024-11-19_10-31-41 (1)_annotated.jpg.
2024-11-19 16:34:52,206 - INFO - Detections made on image raw_telegram_data/photo_2024-11-19_10-27-06 (1).jpg: 0 objects found.
2024-11-19 16:34:52,208 - INFO - Annotated image saved to detection_results/photo_2024-11-19_10-27-06 (1)_annotated.jpg.
2024-11-19 16:34:52,300 - INFO - Detections made on image raw_telegram_data/photo_2024-11-19_10-27-12 (2).jpg: 0 objects found.
2024-11-19 16:34:52,308 - INFO - Annotated image saved to detection_results/photo_2024-11-19_10-27-12 (2)_annotated.jpg.
2024-11-19 16:34:52,529 - INFO - Detections made on image raw_telegram_data/photo_2024-11-19_10-31-34 (1).jpg: 6 objects found.
2024-11-19 16:34:52,537 - INFO - Annotated image saved to detection_results/photo_2024-11-19_10-31-34 (1)_annotated.jpg.
2024-11-19 16:34:52,695 - INFO - Detections made on image raw_telegram_data/photo_2024-11-19_10-31-46 (3).jpg: 0 objects found.
2024-11-19 16:34:52,697 - INFO - Annotated image saved to detection_results/photo_2024-11-19_10-31-46 (3)_annotated.jpg.
2024-11-19 16:34:52,789 - INFO - Detections made on image raw_telegram_data/photo_2024-11-19_10-31-38 (3).jpg: 1 objects found.
2024-11-19 16:34:52,793 - INFO - Annotated image saved to detection_results/photo_2024-11-19_10-31-38 (3)_annotated.jpg.
2024-11-19 16:34:52,875 - INFO - Detections made on image raw_telegram_data/photo_2024-11-19_10-27-01.jpg: 1 objects found.
2024-11-19 16:34:52,877 - INFO - Annotated image saved to detection_results/photo_2024-11-19_10-27-01_annotated.jpg.
2024-11-19 16:34:52,967 - INFO - Detections made on image raw_telegram_data/photo_2024-11-19_10-27-39 (2).jpg: 0 objects found.
2024-11-19 16:34:52,970 - INFO - Annotated image saved to detection_results/photo_2024-11-19_10-27-39 (2)_annotated.jpg.
2024-11-19 16:34:53,088 - INFO - Detections made on image raw_telegram_data/photo_2024-11-19_10-31-36 (2).jpg: 7 objects found.
2024-11-19 16:34:53,095 - INFO - Annotated image saved to detection_results/photo_2024-11-19_10-31-36 (2)_annotated.jpg.
2024-11-19 16:34:53,247 - INFO - Detections made on image raw_telegram_data/photo_2024-11-19_10-26-46.jpg: 2 objects found.
2024-11-19 16:34:53,253 - INFO - Annotated image saved to detection_results/photo_2024-11-19_10-26-46_annotated.jpg.
2024-11-19 16:34:53,640 - INFO - Detections made on image raw_telegram_data/photo_2024-11-19_10-27-08 (4).jpg: 0 objects found.
2024-11-19 16:34:53,641 - INFO - Annotated image saved to detection_results/photo_2024-11-19_10-27-08 (4)_annotated.jpg.
2024-11-19 16:34:53,868 - INFO - Detections made on image raw_telegram_data/photo_2024-11-19_10-31-29 (2).jpg: 7 objects found.
2024-11-19 16:34:53,875 - INFO - Annotated image saved to detection_results/photo_2024-11-19_10-31-29 (2)_annotated.jpg.
2024-11-19 16:34:53,990 - INFO - Detections made on image raw_telegram_data/photo_2024-11-19_10-26-48 (2).jpg: 7 objects found.
2024-11-19 16:34:53,997 - INFO - Annotated image saved to detection_results/photo_2024-11-19_10-26-48 (2)_annotated.jpg.
2024-11-19 16:34:54,219 - INFO - Detections made on image raw_telegram_data/photo_2024-11-19_10-26-18.jpg: 8 objects found.
2024-11-19 16:34:54,226 - INFO - Annotated image saved to detection_results/photo_2024-11-19_10-26-18_annotated.jpg.
2024-11-19 16:34:54,397 - INFO - Detections made on image raw_telegram_data/photo_2024-11-19_10-27-45 (1).jpg: 0 objects found.
2024-11-19 16:34:54,405 - INFO - Annotated image saved to detection_results/photo_2024-11-19_10-27-45 (1)_annotated.jpg.
2024-11-19 16:34:54,552 - INFO - Detections made on image raw_telegram_data/photo_2024-11-19_10-26-55 (3).jpg: 6 objects found.
2024-11-19 16:34:54,558 - INFO - Annotated image saved to detection_results/photo_2024-11-19_10-26-55 (3)_annotated.jpg.
2024-11-19 16:34:54,714 - INFO - Detections made on image raw_telegram_data/photo_2024-11-19_10-27-15 (1).jpg: 3 objects found.
2024-11-19 16:34:54,724 - INFO - Annotated image saved to detection_results/photo_2024-11-19_10-27-15 (1)_annotated.jpg.
2024-11-19 16:34:54,816 - INFO - Detections made on image raw_telegram_data/photo_2024-11-19_10-27-09 (4).jpg: 1 objects found.
2024-11-19 16:34:54,820 - INFO - Annotated image saved to detection_results/photo_2024-11-19_10-27-09 (4)_annotated.jpg.
2024-11-19 16:34:54,917 - INFO - Detections made on image raw_telegram_data/photo_2024-11-19_10-27-10.jpg: 0 objects found.
2024-11-19 16:34:54,925 - INFO - Annotated image saved to detection_results/photo_2024-11-19_10-27-10_annotated.jpg.
2024-11-19 16:34:55,118 - INFO - Detections made on image raw_telegram_data/photo_2024-11-19_10-27-17 (4).jpg: 1 objects found.
2024-11-19 16:34:55,124 - INFO - Annotated image saved to detection_results/photo_2024-11-19_10-27-17 (4)_annotated.jpg.
2024-11-19 16:34:55,208 - INFO - Detections made on image raw_telegram_data/photo_2024-11-19_10-26-56 (1).jpg: 11 objects found.
2024-11-19 16:34:55,217 - INFO - Annotated image saved to detection_results/photo_2024-11-19_10-26-56 (1)_annotated.jpg.
2024-11-19 16:34:55,278 - INFO - Detections made on image raw_telegram_data/photo_2024-11-19_10-26-53 (2).jpg: 7 objects found.
2024-11-19 16:34:55,284 - INFO - Annotated image saved to detection_results/photo_2024-11-19_10-26-53 (2)_annotated.jpg.
2024-11-19 16:34:55,337 - INFO - Detections made on image raw_telegram_data/photo_2024-11-19_10-26-48 (4).jpg: 5 objects found.
2024-11-19 16:34:55,343 - INFO - Annotated image saved to detection_results/photo_2024-11-19_10-26-48 (4)_annotated.jpg.
2024-11-19 16:34:55,350 - ERROR - Error during object detection on raw_telegram_data/ERMP 2024 Implementation Guide Line.pdf: Image not found or cannot be read: raw_telegram_data/ERMP 2024 Implementation Guide Line.pdf
2024-11-19 16:34:55,375 - ERROR - Error during object detection on raw_telegram_data/EAHCI_messages.json: Image not found or cannot be read: raw_telegram_data/EAHCI_messages.json
2024-11-19 16:34:55,539 - INFO - Detections made on image raw_telegram_data/photo_2024-11-19_10-27-20 (1).jpg: 1 objects found.
2024-11-19 16:34:55,545 - INFO - Annotated image saved to detection_results/photo_2024-11-19_10-27-20 (1)_annotated.jpg.
2024-11-19 16:34:55,646 - INFO - Detections made on image raw_telegram_data/photo_2024-11-19_10-27-48.jpg: 0 objects found.
2024-11-19 16:34:55,653 - INFO - Annotated image saved to detection_results/photo_2024-11-19_10-27-48_annotated.jpg.
2024-11-19 16:34:55,702 - INFO - Detections made on image raw_telegram_data/photo_2024-11-19_10-26-55 (2).jpg: 9 objects found.
2024-11-19 16:34:55,709 - INFO - Annotated image saved to detection_results/photo_2024-11-19_10-26-55 (2)_annotated.jpg.
2024-11-19 16:34:55,757 - INFO - Detections made on image raw_telegram_data/photo_2024-11-19_10-26-53 (1).jpg: 5 objects found.
2024-11-19 16:34:55,763 - INFO - Annotated image saved to detection_results/photo_2024-11-19_10-26-53 (1)_annotated.jpg.
2024-11-19 16:34:55,849 - INFO - Detections made on image raw_telegram_data/photo_2024-11-19_10-27-22 (1).jpg: 0 objects found.
2024-11-19 16:34:55,854 - INFO - Annotated image saved to detection_results/photo_2024-11-19_10-27-22 (1)_annotated.jpg.
2024-11-19 16:34:56,101 - INFO - Detections made on image raw_telegram_data/photo_2024-11-19_10-27-07 (6).jpg: 0 objects found.
2024-11-19 16:34:56,103 - INFO - Annotated image saved to detection_results/photo_2024-11-19_10-27-07 (6)_annotated.jpg.
2024-11-19 16:34:56,153 - INFO - Detections made on image raw_telegram_data/photo_2024-11-19_10-26-53 (4).jpg: 4 objects found.
2024-11-19 16:34:56,159 - INFO - Annotated image saved to detection_results/photo_2024-11-19_10-26-53 (4)_annotated.jpg.
2024-11-19 16:34:56,282 - INFO - Detections made on image raw_telegram_data/photo_2024-11-19_10-27-00 (4).jpg: 0 objects found.
2024-11-19 16:34:56,284 - INFO - Annotated image saved to detection_results/photo_2024-11-19_10-27-00 (4)_annotated.jpg.
2024-11-19 16:34:56,505 - INFO - Detections made on image raw_telegram_data/photo_2024-11-19_10-27-48 (1).jpg: 0 objects found.
2024-11-19 16:34:56,512 - INFO - Annotated image saved to detection_results/photo_2024-11-19_10-27-48 (1)_annotated.jpg.
2024-11-19 16:34:56,762 - INFO - Detections made on image raw_telegram_data/photo_2024-11-19_10-27-01 (1).jpg: 1 objects found.
2024-11-19 16:34:56,771 - INFO - Annotated image saved to detection_results/photo_2024-11-19_10-27-01 (1)_annotated.jpg.
2024-11-19 16:34:56,884 - INFO - Detections made on image raw_telegram_data/photo_2024-11-19_10-31-36.jpg: 2 objects found.
2024-11-19 16:34:56,890 - INFO - Annotated image saved to detection_results/photo_2024-11-19_10-31-36_annotated.jpg.
2024-11-19 16:34:56,988 - INFO - Detections made on image raw_telegram_data/photo_2024-11-19_10-29-52.jpg: 0 objects found.
2024-11-19 16:34:56,995 - INFO - Annotated image saved to detection_results/photo_2024-11-19_10-29-52_annotated.jpg.
2024-11-19 16:34:57,084 - INFO - Detections made on image raw_telegram_data/photo_2024-11-19_10-29-54.jpg: 0 objects found.
2024-11-19 16:34:57,089 - INFO - Annotated image saved to detection_results/photo_2024-11-19_10-29-54_annotated.jpg.
2024-11-19 16:34:57,199 - INFO - Detections made on image raw_telegram_data/photo_2024-11-19_10-27-05 (1).jpg: 0 objects found.
2024-11-19 16:34:57,214 - INFO - Annotated image saved to detection_results/photo_2024-11-19_10-27-05 (1)_annotated.jpg.
2024-11-19 16:34:57,298 - INFO - Detections made on image raw_telegram_data/photo_2024-11-19_10-27-00 (5).jpg: 0 objects found.
2024-11-19 16:34:57,300 - INFO - Annotated image saved to detection_results/photo_2024-11-19_10-27-00 (5)_annotated.jpg.
2024-11-19 16:34:57,533 - INFO - Detections made on image raw_telegram_data/photo_2024-11-19_10-31-35 (2).jpg: 5 objects found.
2024-11-19 16:34:57,540 - INFO - Annotated image saved to detection_results/photo_2024-11-19_10-31-35 (2)_annotated.jpg.
2024-11-19 16:34:57,626 - INFO - Detections made on image raw_telegram_data/photo_2024-11-19_10-27-20.jpg: 1 objects found.
2024-11-19 16:34:57,631 - INFO - Annotated image saved to detection_results/photo_2024-11-19_10-27-20_annotated.jpg.
2024-11-19 16:34:57,692 - INFO - Detections made on image raw_telegram_data/photo_2024-11-19_10-26-45 (3).jpg: 3 objects found.
2024-11-19 16:34:57,697 - INFO - Annotated image saved to detection_results/photo_2024-11-19_10-26-45 (3)_annotated.jpg.
2024-11-19 16:34:57,785 - INFO - Detections made on image raw_telegram_data/photo_2024-11-19_10-27-50 (1).jpg: 0 objects found.
2024-11-19 16:34:57,790 - INFO - Annotated image saved to detection_results/photo_2024-11-19_10-27-50 (1)_annotated.jpg.
2024-11-19 16:34:57,845 - INFO - Detections made on image raw_telegram_data/photo_2024-11-19_10-26-46 (1).jpg: 1 objects found.
2024-11-19 16:34:57,849 - INFO - Annotated image saved to detection_results/photo_2024-11-19_10-26-46 (1)_annotated.jpg.
2024-11-19 16:34:57,955 - INFO - Detections made on image raw_telegram_data/photo_2024-11-19_10-29-52 (1).jpg: 0 objects found.
2024-11-19 16:34:57,966 - INFO - Annotated image saved to detection_results/photo_2024-11-19_10-29-52 (1)_annotated.jpg.
2024-11-19 16:34:58,054 - INFO - Detections made on image raw_telegram_data/photo_2024-11-19_10-27-49 (1).jpg: 1 objects found.
2024-11-19 16:34:58,063 - INFO - Annotated image saved to detection_results/photo_2024-11-19_10-27-49 (1)_annotated.jpg.
2024-11-19 16:34:58,173 - INFO - Detections made on image raw_telegram_data/photo_2024-11-19_10-27-09 (5).jpg: 0 objects found.
2024-11-19 16:34:58,188 - INFO - Annotated image saved to detection_results/photo_2024-11-19_10-27-09 (5)_annotated.jpg.
2024-11-19 16:34:58,403 - INFO - Detections made on image raw_telegram_data/photo_2024-11-19_10-27-02.jpg: 0 objects found.
2024-11-19 16:34:58,408 - INFO - Annotated image saved to detection_results/photo_2024-11-19_10-27-02_annotated.jpg.
2024-11-19 16:34:58,506 - INFO - Detections made on image raw_telegram_data/photo_2024-11-19_10-26-58 (1).jpg: 0 objects found.
2024-11-19 16:34:58,510 - INFO - Annotated image saved to detection_results/photo_2024-11-19_10-26-58 (1)_annotated.jpg.
2024-11-19 16:34:58,604 - INFO - Detections made on image raw_telegram_data/photo_2024-11-19_10-27-19 (1).jpg: 0 objects found.
2024-11-19 16:34:58,610 - INFO - Annotated image saved to detection_results/photo_2024-11-19_10-27-19 (1)_annotated.jpg.
2024-11-19 16:34:58,620 - ERROR - Error during object detection on raw_telegram_data/yetenaweg_messages.json: Image not found or cannot be read: raw_telegram_data/yetenaweg_messages.json
2024-11-19 16:34:58,696 - INFO - Detections made on image raw_telegram_data/photo_2024-11-19_10-26-50 (2).jpg: 12 objects found.
2024-11-19 16:34:58,704 - INFO - Annotated image saved to detection_results/photo_2024-11-19_10-26-50 (2)_annotated.jpg.
2024-11-19 16:34:58,785 - INFO - Detections made on image raw_telegram_data/photo_2024-11-19_10-31-40 (1).jpg: 1 objects found.
2024-11-19 16:34:58,790 - INFO - Annotated image saved to detection_results/photo_2024-11-19_10-31-40 (1)_annotated.jpg.
2024-11-19 16:34:58,858 - INFO - Detections made on image raw_telegram_data/photo_2024-11-19_10-26-24 (5).jpg: 7 objects found.
2024-11-19 16:34:58,864 - INFO - Annotated image saved to detection_results/photo_2024-11-19_10-26-24 (5)_annotated.jpg.
2024-11-19 16:34:58,949 - INFO - Detections made on image raw_telegram_data/photo_2024-11-19_10-27-49.jpg: 0 objects found.
2024-11-19 16:34:58,958 - INFO - Annotated image saved to detection_results/photo_2024-11-19_10-27-49_annotated.jpg.
2024-11-19 16:34:59,038 - INFO - Detections made on image raw_telegram_data/photo_2024-11-19_10-27-21 (2).jpg: 1 objects found.
2024-11-19 16:34:59,044 - INFO - Annotated image saved to detection_results/photo_2024-11-19_10-27-21 (2)_annotated.jpg.
2024-11-19 16:34:59,159 - INFO - Detections made on image raw_telegram_data/photo_2024-11-19_10-29-52 (2).jpg: 0 objects found.
2024-11-19 16:34:59,171 - INFO - Annotated image saved to detection_results/photo_2024-11-19_10-29-52 (2)_annotated.jpg.
2024-11-19 16:34:59,247 - INFO - Detections made on image raw_telegram_data/photo_2024-11-19_10-26-25 (3).jpg: 2 objects found.
2024-11-19 16:34:59,253 - INFO - Annotated image saved to detection_results/photo_2024-11-19_10-26-25 (3)_annotated.jpg.
2024-11-19 16:34:59,364 - INFO - Detections made on image raw_telegram_data/photo_2024-11-19_10-31-45.jpg: 0 objects found.
2024-11-19 16:34:59,365 - INFO - Annotated image saved to detection_results/photo_2024-11-19_10-31-45_annotated.jpg.
2024-11-19 16:34:59,431 - INFO - Detections made on image raw_telegram_data/photo_2024-11-19_10-26-56 (2).jpg: 3 objects found.
2024-11-19 16:34:59,438 - INFO - Annotated image saved to detection_results/photo_2024-11-19_10-26-56 (2)_annotated.jpg.
2024-11-19 16:34:59,565 - INFO - Detections made on image raw_telegram_data/photo_2024-11-19_10-27-07 (1).jpg: 0 objects found.
2024-11-19 16:34:59,567 - INFO - Annotated image saved to detection_results/photo_2024-11-19_10-27-07 (1)_annotated.jpg.
2024-11-19 16:34:59,664 - INFO - Detections made on image raw_telegram_data/photo_2024-11-19_10-31-41 (3).jpg: 0 objects found.
2024-11-19 16:34:59,669 - INFO - Annotated image saved to detection_results/photo_2024-11-19_10-31-41 (3)_annotated.jpg.
2024-11-19 16:34:59,759 - INFO - Detections made on image raw_telegram_data/photo_2024-11-19_10-27-18 (1).jpg: 1 objects found.
2024-11-19 16:34:59,765 - INFO - Annotated image saved to detection_results/photo_2024-11-19_10-27-18 (1)_annotated.jpg.
2024-11-19 16:34:59,839 - INFO - Detections made on image raw_telegram_data/photo_2024-11-19_10-26-43 (3).jpg: 15 objects found.
2024-11-19 16:34:59,848 - INFO - Annotated image saved to detection_results/photo_2024-11-19_10-26-43 (3)_annotated.jpg.
2024-11-19 16:34:59,940 - INFO - Detections made on image raw_telegram_data/photo_2024-11-19_10-27-13 (3).jpg: 0 objects found.
2024-11-19 16:34:59,945 - INFO - Annotated image saved to detection_results/photo_2024-11-19_10-27-13 (3)_annotated.jpg.
2024-11-19 16:35:00,032 - INFO - Detections made on image raw_telegram_data/photo_2024-11-19_10-27-44.jpg: 0 objects found.
2024-11-19 16:35:00,040 - INFO - Annotated image saved to detection_results/photo_2024-11-19_10-27-44_annotated.jpg.
2024-11-19 16:35:00,046 - ERROR - Error during object detection on raw_telegram_data/IMG_8155.MP4: Image not found or cannot be read: raw_telegram_data/IMG_8155.MP4
2024-11-19 16:35:00,177 - INFO - Detections made on image raw_telegram_data/photo_2024-11-19_10-26-58 (4).jpg: 0 objects found.
2024-11-19 16:35:00,178 - INFO - Annotated image saved to detection_results/photo_2024-11-19_10-26-58 (4)_annotated.jpg.
2024-11-19 16:35:00,252 - INFO - Detections made on image raw_telegram_data/photo_2024-11-19_10-31-38 (4).jpg: 0 objects found.
2024-11-19 16:35:00,256 - INFO - Annotated image saved to detection_results/photo_2024-11-19_10-31-38 (4)_annotated.jpg.
2024-11-19 16:35:00,339 - INFO - Detections made on image raw_telegram_data/photo_2024-11-19_10-27-00 (6).jpg: 3 objects found.
2024-11-19 16:35:00,345 - INFO - Annotated image saved to detection_results/photo_2024-11-19_10-27-00 (6)_annotated.jpg.
2024-11-19 16:35:00,415 - INFO - Detections made on image raw_telegram_data/photo_2024-11-19_10-31-32.jpg: 18 objects found.
2024-11-19 16:35:00,425 - INFO - Annotated image saved to detection_results/photo_2024-11-19_10-31-32_annotated.jpg.
2024-11-19 16:35:00,475 - INFO - Detections made on image raw_telegram_data/photo_2024-11-19_10-26-47 (2).jpg: 2 objects found.
2024-11-19 16:35:00,480 - INFO - Annotated image saved to detection_results/photo_2024-11-19_10-26-47 (2)_annotated.jpg.
2024-11-19 16:35:00,552 - INFO - Detections made on image raw_telegram_data/photo_2024-11-19_10-26-51.jpg: 3 objects found.
2024-11-19 16:35:00,558 - INFO - Annotated image saved to detection_results/photo_2024-11-19_10-26-51_annotated.jpg.
2024-11-19 16:35:00,648 - INFO - Detections made on image raw_telegram_data/photo_2024-11-19_10-27-05.jpg: 0 objects found.
2024-11-19 16:35:00,651 - INFO - Annotated image saved to detection_results/photo_2024-11-19_10-27-05_annotated.jpg.
2024-11-19 16:35:00,745 - INFO - Detections made on image raw_telegram_data/photo_2024-11-19_10-27-04.jpg: 1 objects found.
2024-11-19 16:35:00,752 - INFO - Annotated image saved to detection_results/photo_2024-11-19_10-27-04_annotated.jpg.
2024-11-19 16:35:00,771 - ERROR - Error during object detection on raw_telegram_data/የኩላሊት_በሽታ_ክትትል_እና_የዳያሊሲስ_ህክምና_.m4a: Image not found or cannot be read: raw_telegram_data/የኩላሊት_በሽታ_ክትትል_እና_የዳያሊሲስ_ህክምና_.m4a
2024-11-19 16:35:00,908 - INFO - Detections made on image raw_telegram_data/photo_2024-11-19_10-26-43 (4).jpg: 3 objects found.
2024-11-19 16:35:00,914 - INFO - Annotated image saved to detection_results/photo_2024-11-19_10-26-43 (4)_annotated.jpg.
2024-11-19 16:35:01,016 - INFO - Detections made on image raw_telegram_data/photo_2024-11-19_10-27-18 (3).jpg: 1 objects found.
2024-11-19 16:35:01,021 - INFO - Annotated image saved to detection_results/photo_2024-11-19_10-27-18 (3)_annotated.jpg.
2024-11-19 16:35:01,100 - INFO - Detections made on image raw_telegram_data/photo_2024-11-19_10-27-07 (4).jpg: 0 objects found.
2024-11-19 16:35:01,101 - INFO - Annotated image saved to detection_results/photo_2024-11-19_10-27-07 (4)_annotated.jpg.
2024-11-19 16:35:01,205 - INFO - Detections made on image raw_telegram_data/photo_2024-11-19_10-27-48 (2).jpg: 0 objects found.
2024-11-19 16:35:01,212 - INFO - Annotated image saved to detection_results/photo_2024-11-19_10-27-48 (2)_annotated.jpg.
2024-11-19 16:35:01,318 - INFO - Detections made on image raw_telegram_data/photo_2024-11-19_10-31-39 (1).jpg: 5 objects found.
2024-11-19 16:35:01,325 - INFO - Annotated image saved to detection_results/photo_2024-11-19_10-31-39 (1)_annotated.jpg.
2024-11-19 16:35:01,406 - INFO - Detections made on image raw_telegram_data/photo_2024-11-19_10-27-00 (1).jpg: 0 objects found.
2024-11-19 16:35:01,409 - INFO - Annotated image saved to detection_results/photo_2024-11-19_10-27-00 (1)_annotated.jpg.
2024-11-19 16:35:01,510 - INFO - Detections made on image raw_telegram_data/photo_2024-11-19_10-29-54 (1).jpg: 0 objects found.
2024-11-19 16:35:01,519 - INFO - Annotated image saved to detection_results/photo_2024-11-19_10-29-54 (1)_annotated.jpg.
2024-11-19 16:35:01,610 - INFO - Detections made on image raw_telegram_data/photo_2024-11-19_10-31-44.jpg: 0 objects found.
2024-11-19 16:35:01,613 - INFO - Annotated image saved to detection_results/photo_2024-11-19_10-31-44_annotated.jpg.
2024-11-19 16:35:01,718 - INFO - Detections made on image raw_telegram_data/photo_2024-11-19_10-27-19 (2).jpg: 8 objects found.
2024-11-19 16:35:01,726 - INFO - Annotated image saved to detection_results/photo_2024-11-19_10-27-19 (2)_annotated.jpg.
2024-11-19 16:35:01,822 - INFO - Detections made on image raw_telegram_data/photo_2024-11-19_10-26-52 (3).jpg: 6 objects found.
2024-11-19 16:35:01,829 - INFO - Annotated image saved to detection_results/photo_2024-11-19_10-26-52 (3)_annotated.jpg.
2024-11-19 16:35:01,917 - INFO - Detections made on image raw_telegram_data/photo_2024-11-19_10-26-54 (2).jpg: 1 objects found.
2024-11-19 16:35:01,923 - INFO - Annotated image saved to detection_results/photo_2024-11-19_10-26-54 (2)_annotated.jpg.
2024-11-19 16:35:01,996 - INFO - Detections made on image raw_telegram_data/photo_2024-11-19_10-26-18 (2).jpg: 2 objects found.
2024-11-19 16:35:02,002 - INFO - Annotated image saved to detection_results/photo_2024-11-19_10-26-18 (2)_annotated.jpg.
2024-11-19 16:35:02,072 - INFO - Detections made on image raw_telegram_data/photo_2024-11-19_10-26-20 (1).jpg: 10 objects found.
2024-11-19 16:35:02,080 - INFO - Annotated image saved to detection_results/photo_2024-11-19_10-26-20 (1)_annotated.jpg.
2024-11-19 16:35:02,195 - INFO - Detections made on image raw_telegram_data/photo_2024-11-19_10-27-49 (2).jpg: 0 objects found.
2024-11-19 16:35:02,203 - INFO - Annotated image saved to detection_results/photo_2024-11-19_10-27-49 (2)_annotated.jpg.
2024-11-19 16:35:02,327 - INFO - Detections made on image raw_telegram_data/photo_2024-11-19_10-27-16.jpg: 0 objects found.
2024-11-19 16:35:02,331 - INFO - Annotated image saved to detection_results/photo_2024-11-19_10-27-16_annotated.jpg.
2024-11-19 16:35:02,460 - INFO - Detections made on image raw_telegram_data/photo_2024-11-19_10-27-05 (5).jpg: 0 objects found.
2024-11-19 16:35:02,462 - INFO - Annotated image saved to detection_results/photo_2024-11-19_10-27-05 (5)_annotated.jpg.
2024-11-19 16:35:02,541 - INFO - Detections made on image raw_telegram_data/photo_2024-11-19_10-27-17 (5).jpg: 1 objects found.
2024-11-19 16:35:02,548 - INFO - Annotated image saved to detection_results/photo_2024-11-19_10-27-17 (5)_annotated.jpg.
2024-11-19 16:35:02,653 - INFO - Detections made on image raw_telegram_data/photo_2024-11-19_10-31-28.jpg: 1 objects found.
2024-11-19 16:35:02,657 - INFO - Annotated image saved to detection_results/photo_2024-11-19_10-31-28_annotated.jpg.
2024-11-19 16:35:02,763 - INFO - Detections made on image raw_telegram_data/photo_2024-11-19_10-27-16 (3).jpg: 1 objects found.
2024-11-19 16:35:02,767 - INFO - Annotated image saved to detection_results/photo_2024-11-19_10-27-16 (3)_annotated.jpg.
2024-11-19 16:35:02,874 - INFO - Detections made on image raw_telegram_data/photo_2024-11-19_10-26-59 (1).jpg: 0 objects found.
2024-11-19 16:35:02,876 - INFO - Annotated image saved to detection_results/photo_2024-11-19_10-26-59 (1)_annotated.jpg.
2024-11-19 16:35:02,939 - INFO - Detections made on image raw_telegram_data/photo_2024-11-19_10-26-52.jpg: 7 objects found.
2024-11-19 16:35:02,946 - INFO - Annotated image saved to detection_results/photo_2024-11-19_10-26-52_annotated.jpg.
2024-11-19 16:35:03,019 - INFO - Detections made on image raw_telegram_data/photo_2024-11-19_10-31-32 (1).jpg: 16 objects found.
2024-11-19 16:35:03,031 - INFO - Annotated image saved to detection_results/photo_2024-11-19_10-31-32 (1)_annotated.jpg.
2024-11-19 16:35:03,104 - INFO - Detections made on image raw_telegram_data/photo_2024-11-19_10-31-43 (3).jpg: 2 objects found.
2024-11-19 16:35:03,107 - INFO - Annotated image saved to detection_results/photo_2024-11-19_10-31-43 (3)_annotated.jpg.
2024-11-19 16:35:03,248 - INFO - Detections made on image raw_telegram_data/photo_2024-11-19_10-27-13 (1).jpg: 0 objects found.
2024-11-19 16:35:03,256 - INFO - Annotated image saved to detection_results/photo_2024-11-19_10-27-13 (1)_annotated.jpg.
2024-11-19 16:35:03,336 - INFO - Detections made on image raw_telegram_data/photo_2024-11-19_10-26-59 (3).jpg: 0 objects found.
2024-11-19 16:35:03,337 - INFO - Annotated image saved to detection_results/photo_2024-11-19_10-26-59 (3)_annotated.jpg.
2024-11-19 16:35:03,431 - INFO - Detections made on image raw_telegram_data/photo_2024-11-19_10-27-12 (3).jpg: 0 objects found.
2024-11-19 16:35:03,436 - INFO - Annotated image saved to detection_results/photo_2024-11-19_10-27-12 (3)_annotated.jpg.
2024-11-19 16:35:03,555 - INFO - Detections made on image raw_telegram_data/photo_2024-11-19_10-31-45 (1).jpg: 0 objects found.
2024-11-19 16:35:03,557 - INFO - Annotated image saved to detection_results/photo_2024-11-19_10-31-45 (1)_annotated.jpg.
2024-11-19 16:35:03,649 - INFO - Detections made on image raw_telegram_data/photo_2024-11-19_10-26-58 (5).jpg: 0 objects found.
2024-11-19 16:35:03,651 - INFO - Annotated image saved to detection_results/photo_2024-11-19_10-26-58 (5)_annotated.jpg.
2024-11-19 16:35:03,739 - INFO - Detections made on image raw_telegram_data/photo_2024-11-19_10-27-50.jpg: 1 objects found.
2024-11-19 16:35:03,741 - INFO - Annotated image saved to detection_results/photo_2024-11-19_10-27-50_annotated.jpg.
2024-11-19 16:35:03,848 - INFO - Detections made on image raw_telegram_data/photo_2024-11-19_10-31-34 (2).jpg: 2 objects found.
2024-11-19 16:35:03,855 - INFO - Annotated image saved to detection_results/photo_2024-11-19_10-31-34 (2)_annotated.jpg.
2024-11-19 16:35:03,947 - INFO - Detections made on image raw_telegram_data/photo_2024-11-19_10-26-46 (4).jpg: 5 objects found.
2024-11-19 16:35:03,953 - INFO - Annotated image saved to detection_results/photo_2024-11-19_10-26-46 (4)_annotated.jpg.
2024-11-19 16:35:04,054 - INFO - Detections made on image raw_telegram_data/photo_2024-11-19_10-26-47 (1).jpg: 6 objects found.
2024-11-19 16:35:04,061 - INFO - Annotated image saved to detection_results/photo_2024-11-19_10-26-47 (1)_annotated.jpg.
2024-11-19 16:35:04,183 - INFO - Detections made on image raw_telegram_data/photo_2024-11-19_10-27-19 (3).jpg: 0 objects found.
2024-11-19 16:35:04,192 - INFO - Annotated image saved to detection_results/photo_2024-11-19_10-27-19 (3)_annotated.jpg.
2024-11-19 16:35:04,266 - INFO - Detections made on image raw_telegram_data/photo_2024-11-19_10-26-52 (1).jpg: 9 objects found.
2024-11-19 16:35:04,273 - INFO - Annotated image saved to detection_results/photo_2024-11-19_10-26-52 (1)_annotated.jpg.
2024-11-19 16:35:04,399 - INFO - Detections made on image raw_telegram_data/photo_2024-11-19_10-27-19.jpg: 2 objects found.
2024-11-19 16:35:04,406 - INFO - Annotated image saved to detection_results/photo_2024-11-19_10-27-19_annotated.jpg.
2024-11-19 16:35:04,502 - INFO - Detections made on image raw_telegram_data/photo_2024-11-19_10-26-25 (2).jpg: 7 objects found.
2024-11-19 16:35:04,509 - INFO - Annotated image saved to detection_results/photo_2024-11-19_10-26-25 (2)_annotated.jpg.
2024-11-19 16:35:04,595 - INFO - Detections made on image raw_telegram_data/photo_2024-11-19_10-31-34.jpg: 6 objects found.
2024-11-19 16:35:04,603 - INFO - Annotated image saved to detection_results/photo_2024-11-19_10-31-34_annotated.jpg.
2024-11-19 16:35:04,682 - INFO - Detections made on image raw_telegram_data/photo_2024-11-19_10-27-02 (2).jpg: 1 objects found.
2024-11-19 16:35:04,686 - INFO - Annotated image saved to detection_results/photo_2024-11-19_10-27-02 (2)_annotated.jpg.
2024-11-19 16:35:04,798 - INFO - Detections made on image raw_telegram_data/photo_2024-11-19_10-27-18 (4).jpg: 1 objects found.
2024-11-19 16:35:04,805 - INFO - Annotated image saved to detection_results/photo_2024-11-19_10-27-18 (4)_annotated.jpg.
2024-11-19 16:35:04,934 - INFO - Detections made on image raw_telegram_data/photo_2024-11-19_10-27-07 (2).jpg: 1 objects found.
2024-11-19 16:35:04,950 - INFO - Annotated image saved to detection_results/photo_2024-11-19_10-27-07 (2)_annotated.jpg.
2024-11-19 16:35:05,057 - INFO - Detections made on image raw_telegram_data/photo_2024-11-19_10-27-00.jpg: 0 objects found.
2024-11-19 16:35:05,060 - INFO - Annotated image saved to detection_results/photo_2024-11-19_10-27-00_annotated.jpg.
2024-11-19 16:35:05,150 - INFO - Detections made on image raw_telegram_data/photo_2024-11-19_10-26-56.jpg: 1 objects found.
2024-11-19 16:35:05,155 - INFO - Annotated image saved to detection_results/photo_2024-11-19_10-26-56_annotated.jpg.
2024-11-19 16:35:05,253 - INFO - Detections made on image raw_telegram_data/photo_2024-11-19_10-27-08 (1).jpg: 0 objects found.
2024-11-19 16:35:05,255 - INFO - Annotated image saved to detection_results/photo_2024-11-19_10-27-08 (1)_annotated.jpg.
2024-11-19 16:35:05,349 - INFO - Detections made on image raw_telegram_data/photo_2024-11-19_10-29-53.jpg: 0 objects found.
2024-11-19 16:35:05,359 - INFO - Annotated image saved to detection_results/photo_2024-11-19_10-29-53_annotated.jpg.
2024-11-19 16:35:05,401 - INFO - Detections made on image raw_telegram_data/photo_2024-11-19_10-27-18.jpg: 17 objects found.
2024-11-19 16:35:05,405 - INFO - Annotated image saved to detection_results/photo_2024-11-19_10-27-18_annotated.jpg.
2024-11-19 16:35:05,487 - INFO - Detections made on image raw_telegram_data/photo_2024-11-19_10-26-45.jpg: 1 objects found.
2024-11-19 16:35:05,492 - INFO - Annotated image saved to detection_results/photo_2024-11-19_10-26-45_annotated.jpg.
2024-11-19 16:35:05,588 - INFO - Detections made on image raw_telegram_data/photo_2024-11-19_10-27-50 (2).jpg: 1 objects found.
2024-11-19 16:35:05,594 - INFO - Annotated image saved to detection_results/photo_2024-11-19_10-27-50 (2)_annotated.jpg.
2024-11-19 16:35:05,685 - INFO - Detections made on image raw_telegram_data/photo_2024-11-19_10-27-00 (3).jpg: 0 objects found.
2024-11-19 16:35:05,687 - INFO - Annotated image saved to detection_results/photo_2024-11-19_10-27-00 (3)_annotated.jpg.
2024-11-19 16:35:05,762 - INFO - Detections made on image raw_telegram_data/photo_2024-11-19_10-26-21 (4).jpg: 9 objects found.
2024-11-19 16:35:05,770 - INFO - Annotated image saved to detection_results/photo_2024-11-19_10-26-21 (4)_annotated.jpg.
2024-11-19 16:35:05,873 - INFO - Detections made on image raw_telegram_data/photo_2024-11-19_10-27-14 (2).jpg: 0 objects found.
2024-11-19 16:35:05,875 - INFO - Annotated image saved to detection_results/photo_2024-11-19_10-27-14 (2)_annotated.jpg.
2024-11-19 16:35:05,962 - INFO - Detections made on image raw_telegram_data/photo_2024-11-19_10-27-21 (1).jpg: 0 objects found.
2024-11-19 16:35:05,971 - INFO - Annotated image saved to detection_results/photo_2024-11-19_10-27-21 (1)_annotated.jpg.
2024-11-19 16:35:06,055 - INFO - Detections made on image raw_telegram_data/photo_2024-11-19_10-27-12 (4).jpg: 0 objects found.
2024-11-19 16:35:06,057 - INFO - Annotated image saved to detection_results/photo_2024-11-19_10-27-12 (4)_annotated.jpg.
2024-11-19 16:35:06,076 - ERROR - Error during object detection on raw_telegram_data/የሽንት_ቧንቧ_ኢንፌክሽን_አና_የኩላሊት_ጠጠር_.m4a: Image not found or cannot be read: raw_telegram_data/የሽንት_ቧንቧ_ኢንፌክሽን_አና_የኩላሊት_ጠጠር_.m4a
2024-11-19 16:35:06,136 - INFO - Detections made on image raw_telegram_data/photo_2024-11-19_10-26-21.jpg: 0 objects found.
2024-11-19 16:35:06,141 - INFO - Annotated image saved to detection_results/photo_2024-11-19_10-26-21_annotated.jpg.
2024-11-19 16:35:06,218 - INFO - Detections made on image raw_telegram_data/photo_2024-11-19_10-26-43.jpg: 8 objects found.
2024-11-19 16:35:06,225 - INFO - Annotated image saved to detection_results/photo_2024-11-19_10-26-43_annotated.jpg.
2024-11-19 16:35:06,305 - INFO - Detections made on image raw_telegram_data/photo_2024-11-19_10-27-02 (1).jpg: 0 objects found.
2024-11-19 16:35:06,306 - INFO - Annotated image saved to detection_results/photo_2024-11-19_10-27-02 (1)_annotated.jpg.
2024-11-19 16:35:06,400 - INFO - Detections made on image raw_telegram_data/photo_2024-11-19_10-31-43 (4).jpg: 0 objects found.
2024-11-19 16:35:06,402 - INFO - Annotated image saved to detection_results/photo_2024-11-19_10-31-43 (4)_annotated.jpg.
2024-11-19 16:35:06,507 - INFO - Detections made on image raw_telegram_data/photo_2024-11-19_10-27-17 (2).jpg: 1 objects found.
2024-11-19 16:35:06,513 - INFO - Annotated image saved to detection_results/photo_2024-11-19_10-27-17 (2)_annotated.jpg.
2024-11-19 16:35:06,626 - INFO - Detections made on image raw_telegram_data/photo_2024-11-19_10-31-41.jpg: 0 objects found.
2024-11-19 16:35:06,632 - INFO - Annotated image saved to detection_results/photo_2024-11-19_10-31-41_annotated.jpg.
2024-11-19 16:35:06,708 - INFO - Detections made on image raw_telegram_data/photo_2024-11-19_10-31-38 (5).jpg: 7 objects found.
2024-11-19 16:35:06,717 - INFO - Annotated image saved to detection_results/photo_2024-11-19_10-31-38 (5)_annotated.jpg.
2024-11-19 16:35:06,801 - INFO - Detections made on image raw_telegram_data/photo_2024-11-19_10-27-11 (2).jpg: 0 objects found.
2024-11-19 16:35:06,807 - INFO - Annotated image saved to detection_results/photo_2024-11-19_10-27-11 (2)_annotated.jpg.
2024-11-19 16:35:06,912 - INFO - Detections made on image raw_telegram_data/photo_2024-11-19_10-27-00 (2).jpg: 0 objects found.
2024-11-19 16:35:06,914 - INFO - Annotated image saved to detection_results/photo_2024-11-19_10-27-00 (2)_annotated.jpg.
2024-11-19 16:35:07,083 - INFO - Detections made on image raw_telegram_data/photo_2024-11-19_10-27-13 (4).jpg: 0 objects found.
2024-11-19 16:35:07,085 - INFO - Annotated image saved to detection_results/photo_2024-11-19_10-27-13 (4)_annotated.jpg.
2024-11-19 16:35:07,177 - INFO - Detections made on image raw_telegram_data/photo_2024-11-19_10-26-49 (4).jpg: 9 objects found.
2024-11-19 16:35:07,186 - INFO - Annotated image saved to detection_results/photo_2024-11-19_10-26-49 (4)_annotated.jpg.
2024-11-19 16:35:07,250 - INFO - Detections made on image raw_telegram_data/photo_2024-11-19_10-26-18 (1).jpg: 3 objects found.
2024-11-19 16:35:07,256 - INFO - Annotated image saved to detection_results/photo_2024-11-19_10-26-18 (1)_annotated.jpg.
2024-11-19 16:35:07,334 - INFO - Detections made on image raw_telegram_data/photo_2024-11-19_10-26-19.jpg: 15 objects found.
2024-11-19 16:35:07,345 - INFO - Annotated image saved to detection_results/photo_2024-11-19_10-26-19_annotated.jpg.
2024-11-19 16:35:07,456 - INFO - Detections made on image raw_telegram_data/photo_2024-11-19_10-26-23 (3).jpg: 2 objects found.
2024-11-19 16:35:07,461 - INFO - Annotated image saved to detection_results/photo_2024-11-19_10-26-23 (3)_annotated.jpg.
2024-11-19 16:35:07,524 - INFO - Detections made on image raw_telegram_data/photo_2024-11-19_10-26-21 (3).jpg: 4 objects found.
2024-11-19 16:35:07,530 - INFO - Annotated image saved to detection_results/photo_2024-11-19_10-26-21 (3)_annotated.jpg.
2024-11-19 16:35:07,660 - INFO - Detections made on image raw_telegram_data/photo_2024-11-19_10-27-13.jpg: 1 objects found.
2024-11-19 16:35:07,667 - INFO - Annotated image saved to detection_results/photo_2024-11-19_10-27-13_annotated.jpg.
2024-11-19 16:35:07,782 - INFO - Detections made on image raw_telegram_data/photo_2024-11-19_10-27-47 (1).jpg: 0 objects found.
2024-11-19 16:35:07,789 - INFO - Annotated image saved to detection_results/photo_2024-11-19_10-27-47 (1)_annotated.jpg.
2024-11-19 16:35:07,867 - INFO - Detections made on image raw_telegram_data/photo_2024-11-19_10-26-24 (4).jpg: 6 objects found.
2024-11-19 16:35:07,875 - INFO - Annotated image saved to detection_results/photo_2024-11-19_10-26-24 (4)_annotated.jpg.
2024-11-19 16:35:07,993 - INFO - Detections made on image raw_telegram_data/photo_2024-11-19_10-31-30.jpg: 5 objects found.
2024-11-19 16:35:08,002 - INFO - Annotated image saved to detection_results/photo_2024-11-19_10-31-30_annotated.jpg.
2024-11-19 16:35:08,090 - INFO - Detections made on image raw_telegram_data/photo_2024-11-19_10-31-33 (3).jpg: 11 objects found.
2024-11-19 16:35:08,100 - INFO - Annotated image saved to detection_results/photo_2024-11-19_10-31-33 (3)_annotated.jpg.
2024-11-19 16:35:08,156 - INFO - Detections made on image raw_telegram_data/photo_2024-11-19_10-31-41 (2).jpg: 11 objects found.
2024-11-19 16:35:08,164 - INFO - Annotated image saved to detection_results/photo_2024-11-19_10-31-41 (2)_annotated.jpg.
2024-11-19 16:35:08,281 - INFO - Detections made on image raw_telegram_data/photo_2024-11-19_10-27-02 (5).jpg: 0 objects found.
2024-11-19 16:35:08,288 - INFO - Annotated image saved to detection_results/photo_2024-11-19_10-27-02 (5)_annotated.jpg.
2024-11-19 16:35:08,391 - INFO - Detections made on image raw_telegram_data/photo_2024-11-19_10-31-44 (3).jpg: 0 objects found.
2024-11-19 16:35:08,394 - INFO - Annotated image saved to detection_results/photo_2024-11-19_10-31-44 (3)_annotated.jpg.
2024-11-19 16:35:08,469 - INFO - Detections made on image raw_telegram_data/photo_2024-11-19_10-27-08 (2).jpg: 0 objects found.
2024-11-19 16:35:08,471 - INFO - Annotated image saved to detection_results/photo_2024-11-19_10-27-08 (2)_annotated.jpg.
2024-11-19 16:35:08,562 - INFO - Detections made on image raw_telegram_data/photo_2024-11-19_10-31-42 (4).jpg: 11 objects found.
2024-11-19 16:35:08,570 - INFO - Annotated image saved to detection_results/photo_2024-11-19_10-31-42 (4)_annotated.jpg.
2024-11-19 16:35:08,646 - INFO - Detections made on image raw_telegram_data/photo_2024-11-19_10-31-32 (2).jpg: 4 objects found.
2024-11-19 16:35:08,653 - INFO - Annotated image saved to detection_results/photo_2024-11-19_10-31-32 (2)_annotated.jpg.
2024-11-19 16:35:08,703 - INFO - Detections made on image raw_telegram_data/photo_2024-11-19_10-26-42.jpg: 2 objects found.
2024-11-19 16:35:08,708 - INFO - Annotated image saved to detection_results/photo_2024-11-19_10-26-42_annotated.jpg.
2024-11-19 16:35:08,783 - INFO - Detections made on image raw_telegram_data/photo_2024-11-19_10-31-44 (1).jpg: 2 objects found.
2024-11-19 16:35:08,785 - INFO - Annotated image saved to detection_results/photo_2024-11-19_10-31-44 (1)_annotated.jpg.
2024-11-19 16:35:08,897 - INFO - Detections made on image raw_telegram_data/photo_2024-11-19_10-27-05 (4).jpg: 0 objects found.
2024-11-19 16:35:08,902 - INFO - Annotated image saved to detection_results/photo_2024-11-19_10-27-05 (4)_annotated.jpg.
2024-11-19 16:35:08,970 - INFO - Detections made on image raw_telegram_data/photo_2024-11-19_10-31-47 (2).jpg: 5 objects found.
2024-11-19 16:35:08,974 - INFO - Annotated image saved to detection_results/photo_2024-11-19_10-31-47 (2)_annotated.jpg.
2024-11-19 16:35:09,103 - INFO - Detections made on image raw_telegram_data/photo_2024-11-19_10-27-44 (3).jpg: 0 objects found.
2024-11-19 16:35:09,110 - INFO - Annotated image saved to detection_results/photo_2024-11-19_10-27-44 (3)_annotated.jpg.
2024-11-19 16:35:09,208 - INFO - Detections made on image raw_telegram_data/photo_2024-11-19_10-27-11.jpg: 0 objects found.
2024-11-19 16:35:09,214 - INFO - Annotated image saved to detection_results/photo_2024-11-19_10-27-11_annotated.jpg.
2024-11-19 16:35:09,331 - INFO - Detections made on image raw_telegram_data/photo_2024-11-19_10-27-07.jpg: 0 objects found.
2024-11-19 16:35:09,333 - INFO - Annotated image saved to detection_results/photo_2024-11-19_10-27-07_annotated.jpg.
2024-11-19 16:35:09,429 - INFO - Detections made on image raw_telegram_data/photo_2024-11-19_10-27-08.jpg: 0 objects found.
2024-11-19 16:35:09,431 - INFO - Annotated image saved to detection_results/photo_2024-11-19_10-27-08_annotated.jpg.
2024-11-19 16:35:09,511 - INFO - Detections made on image raw_telegram_data/photo_2024-11-19_10-27-07 (7).jpg: 0 objects found.
2024-11-19 16:35:09,518 - INFO - Annotated image saved to detection_results/photo_2024-11-19_10-27-07 (7)_annotated.jpg.
2024-11-19 16:35:09,613 - INFO - Detections made on image raw_telegram_data/photo_2024-11-19_10-31-38.jpg: 11 objects found.
2024-11-19 16:35:09,622 - INFO - Annotated image saved to detection_results/photo_2024-11-19_10-31-38_annotated.jpg.
2024-11-19 16:35:09,721 - INFO - Detections made on image raw_telegram_data/photo_2024-11-19_10-26-22 (2).jpg: 7 objects found.
2024-11-19 16:35:09,728 - INFO - Annotated image saved to detection_results/photo_2024-11-19_10-26-22 (2)_annotated.jpg.
2024-11-19 16:35:09,739 - ERROR - Error during object detection on raw_telegram_data/IMG_8154.MP4: Image not found or cannot be read: raw_telegram_data/IMG_8154.MP4
2024-11-19 16:35:09,882 - INFO - Detections made on image raw_telegram_data/photo_2024-11-19_10-27-01 (2).jpg: 0 objects found.
2024-11-19 16:35:09,913 - INFO - Annotated image saved to detection_results/photo_2024-11-19_10-27-01 (2)_annotated.jpg.
2024-11-19 16:35:10,024 - INFO - Detections made on image raw_telegram_data/photo_2024-11-19_10-26-59 (4).jpg: 0 objects found.
2024-11-19 16:35:10,026 - INFO - Annotated image saved to detection_results/photo_2024-11-19_10-26-59 (4)_annotated.jpg.
2024-11-19 16:35:10,119 - INFO - Detections made on image raw_telegram_data/photo_2024-11-19_10-27-39 (1).jpg: 2 objects found.
2024-11-19 16:35:10,123 - INFO - Annotated image saved to detection_results/photo_2024-11-19_10-27-39 (1)_annotated.jpg.
2024-11-19 16:35:10,205 - INFO - Detections made on image raw_telegram_data/photo_2024-11-19_10-31-30 (2).jpg: 4 objects found.
2024-11-19 16:35:10,208 - INFO - Annotated image saved to detection_results/photo_2024-11-19_10-31-30 (2)_annotated.jpg.
2024-11-19 16:35:10,280 - INFO - Detections made on image raw_telegram_data/photo_2024-11-19_10-26-44.jpg: 3 objects found.
2024-11-19 16:35:10,286 - INFO - Annotated image saved to detection_results/photo_2024-11-19_10-26-44_annotated.jpg.
2024-11-19 16:35:10,331 - INFO - Detections made on image raw_telegram_data/photo_2024-11-19_10-31-43 (1).jpg: 11 objects found.
2024-11-19 16:35:10,338 - INFO - Annotated image saved to detection_results/photo_2024-11-19_10-31-43 (1)_annotated.jpg.
2024-11-19 16:35:10,427 - INFO - Detections made on image raw_telegram_data/photo_2024-11-19_10-29-53 (1).jpg: 1 objects found.
2024-11-19 16:35:10,433 - INFO - Annotated image saved to detection_results/photo_2024-11-19_10-29-53 (1)_annotated.jpg.
2024-11-19 16:35:10,519 - INFO - Detections made on image raw_telegram_data/photo_2024-11-19_10-29-54 (2).jpg: 0 objects found.
2024-11-19 16:35:10,526 - INFO - Annotated image saved to detection_results/photo_2024-11-19_10-29-54 (2)_annotated.jpg.
2024-11-19 16:35:10,580 - INFO - Detections made on image raw_telegram_data/photo_2024-11-19_10-26-22.jpg: 4 objects found.
2024-11-19 16:35:10,586 - INFO - Annotated image saved to detection_results/photo_2024-11-19_10-26-22_annotated.jpg.
2024-11-19 16:35:10,617 - ERROR - Error during object detection on raw_telegram_data/IMG_8153.MP4: Image not found or cannot be read: raw_telegram_data/IMG_8153.MP4
2024-11-19 16:35:10,681 - INFO - Detections made on image raw_telegram_data/photo_2024-11-19_10-26-47.jpg: 3 objects found.
2024-11-19 16:35:10,687 - INFO - Annotated image saved to detection_results/photo_2024-11-19_10-26-47_annotated.jpg.
2024-11-19 16:35:10,780 - INFO - Detections made on image raw_telegram_data/photo_2024-11-19_10-27-03.jpg: 0 objects found.
2024-11-19 16:35:10,788 - INFO - Annotated image saved to detection_results/photo_2024-11-19_10-27-03_annotated.jpg.
2024-11-19 16:35:10,859 - INFO - Detections made on image raw_telegram_data/photo_2024-11-19_10-31-38 (1).jpg: 1 objects found.
2024-11-19 16:35:10,864 - INFO - Annotated image saved to detection_results/photo_2024-11-19_10-31-38 (1)_annotated.jpg.
2024-11-19 16:35:10,938 - INFO - Detections made on image raw_telegram_data/photo_2024-11-19_10-27-08 (5).jpg: 0 objects found.
2024-11-19 16:35:10,939 - INFO - Annotated image saved to detection_results/photo_2024-11-19_10-27-08 (5)_annotated.jpg.
2024-11-19 16:35:11,023 - INFO - Detections made on image raw_telegram_data/photo_2024-11-19_10-31-29 (3).jpg: 0 objects found.
2024-11-19 16:35:11,029 - INFO - Annotated image saved to detection_results/photo_2024-11-19_10-31-29 (3)_annotated.jpg.
2024-11-19 16:35:11,100 - INFO - Detections made on image raw_telegram_data/photo_2024-11-19_10-26-53 (3).jpg: 1 objects found.
2024-11-19 16:35:11,105 - INFO - Annotated image saved to detection_results/photo_2024-11-19_10-26-53 (3)_annotated.jpg.
2024-11-19 16:35:11,137 - INFO - Detections made on image raw_telegram_data/photo_2024-11-19_10-31-42.jpg: 0 objects found.
2024-11-19 16:35:11,139 - INFO - Annotated image saved to detection_results/photo_2024-11-19_10-31-42_annotated.jpg.
2024-11-19 16:35:11,220 - INFO - Detections made on image raw_telegram_data/photo_2024-11-19_10-26-25.jpg: 3 objects found.
2024-11-19 16:35:11,228 - INFO - Annotated image saved to detection_results/photo_2024-11-19_10-26-25_annotated.jpg.
2024-11-19 16:35:11,329 - INFO - Detections made on image raw_telegram_data/photo_2024-11-19_10-27-06 (5).jpg: 0 objects found.
2024-11-19 16:35:11,331 - INFO - Annotated image saved to detection_results/photo_2024-11-19_10-27-06 (5)_annotated.jpg.
2024-11-19 16:35:11,382 - INFO - Detections made on image raw_telegram_data/photo_2024-11-19_10-26-55.jpg: 14 objects found.
2024-11-19 16:35:11,390 - INFO - Annotated image saved to detection_results/photo_2024-11-19_10-26-55_annotated.jpg.
2024-11-19 16:35:11,463 - INFO - Detections made on image raw_telegram_data/photo_2024-11-19_10-27-02 (3).jpg: 8 objects found.
2024-11-19 16:35:11,466 - INFO - Annotated image saved to detection_results/photo_2024-11-19_10-27-02 (3)_annotated.jpg.
2024-11-19 16:35:11,541 - INFO - Detections made on image raw_telegram_data/photo_2024-11-19_10-31-42 (2).jpg: 2 objects found.
2024-11-19 16:35:11,548 - INFO - Annotated image saved to detection_results/photo_2024-11-19_10-31-42 (2)_annotated.jpg.
2024-11-19 16:35:11,639 - INFO - Detections made on image raw_telegram_data/photo_2024-11-19_10-26-58 (2).jpg: 0 objects found.
2024-11-19 16:35:11,642 - INFO - Annotated image saved to detection_results/photo_2024-11-19_10-26-58 (2)_annotated.jpg.
2024-11-19 16:35:11,728 - INFO - Detections made on image raw_telegram_data/photo_2024-11-19_10-27-09 (1).jpg: 0 objects found.
2024-11-19 16:35:11,730 - INFO - Annotated image saved to detection_results/photo_2024-11-19_10-27-09 (1)_annotated.jpg.
2024-11-19 16:35:11,833 - INFO - Detections made on image raw_telegram_data/photo_2024-11-19_10-31-46 (1).jpg: 0 objects found.
2024-11-19 16:35:11,836 - INFO - Annotated image saved to detection_results/photo_2024-11-19_10-31-46 (1)_annotated.jpg.
2024-11-19 16:35:11,932 - INFO - Detections made on image raw_telegram_data/photo_2024-11-19_10-27-04 (1).jpg: 0 objects found.
2024-11-19 16:35:11,939 - INFO - Annotated image saved to detection_results/photo_2024-11-19_10-27-04 (1)_annotated.jpg.
2024-11-19 16:35:12,003 - INFO - Detections made on image raw_telegram_data/photo_2024-11-19_10-31-45 (2).jpg: 0 objects found.
2024-11-19 16:35:12,009 - INFO - Annotated image saved to detection_results/photo_2024-11-19_10-31-45 (2)_annotated.jpg.
2024-11-19 16:35:12,064 - INFO - Detections made on image raw_telegram_data/photo_2024-11-19_10-31-43 (5).jpg: 11 objects found.
2024-11-19 16:35:12,072 - INFO - Annotated image saved to detection_results/photo_2024-11-19_10-31-43 (5)_annotated.jpg.
2024-11-19 16:35:12,155 - INFO - Detections made on image raw_telegram_data/photo_2024-11-19_10-26-50 (3).jpg: 8 objects found.
2024-11-19 16:35:12,162 - INFO - Annotated image saved to detection_results/photo_2024-11-19_10-26-50 (3)_annotated.jpg.
2024-11-19 16:35:12,285 - INFO - Detections made on image raw_telegram_data/photo_2024-11-19_10-27-46 (1).jpg: 0 objects found.
2024-11-19 16:35:12,292 - INFO - Annotated image saved to detection_results/photo_2024-11-19_10-27-46 (1)_annotated.jpg.
2024-11-19 16:35:12,430 - INFO - Detections made on image raw_telegram_data/photo_2024-11-19_10-27-17 (3).jpg: 0 objects found.
2024-11-19 16:35:12,435 - INFO - Annotated image saved to detection_results/photo_2024-11-19_10-27-17 (3)_annotated.jpg.
2024-11-19 16:35:12,497 - INFO - Detections made on image raw_telegram_data/photo_2024-11-19_10-31-42 (3).jpg: 0 objects found.
2024-11-19 16:35:12,502 - INFO - Annotated image saved to detection_results/photo_2024-11-19_10-31-42 (3)_annotated.jpg.
2024-11-19 16:35:12,578 - INFO - Detections made on image raw_telegram_data/photo_2024-11-19_10-27-16 (1).jpg: 0 objects found.
2024-11-19 16:35:12,581 - INFO - Annotated image saved to detection_results/photo_2024-11-19_10-27-16 (1)_annotated.jpg.
2024-11-19 16:35:12,657 - INFO - Detections made on image raw_telegram_data/photo_2024-11-19_10-26-23 (2).jpg: 6 objects found.
2024-11-19 16:35:12,661 - INFO - Annotated image saved to detection_results/photo_2024-11-19_10-26-23 (2)_annotated.jpg.
2024-11-19 16:35:12,748 - INFO - Detections made on image raw_telegram_data/photo_2024-11-19_10-27-15 (4).jpg: 0 objects found.
2024-11-19 16:35:12,751 - INFO - Annotated image saved to detection_results/photo_2024-11-19_10-27-15 (4)_annotated.jpg.
2024-11-19 16:35:12,832 - INFO - Detections made on image raw_telegram_data/photo_2024-11-19_10-27-20 (2).jpg: 4 objects found.
2024-11-19 16:35:12,838 - INFO - Annotated image saved to detection_results/photo_2024-11-19_10-27-20 (2)_annotated.jpg.
2024-11-19 16:35:12,924 - INFO - Detections made on image raw_telegram_data/photo_2024-11-19_10-31-40.jpg: 5 objects found.
2024-11-19 16:35:12,931 - INFO - Annotated image saved to detection_results/photo_2024-11-19_10-31-40_annotated.jpg.
2024-11-19 16:35:12,983 - INFO - Detections made on image raw_telegram_data/photo_2024-11-19_10-26-22 (1).jpg: 3 objects found.
2024-11-19 16:35:12,989 - INFO - Annotated image saved to detection_results/photo_2024-11-19_10-26-22 (1)_annotated.jpg.
2024-11-19 16:35:13,072 - INFO - Detections made on image raw_telegram_data/photo_2024-11-19_10-31-29 (1).jpg: 0 objects found.
2024-11-19 16:35:13,078 - INFO - Annotated image saved to detection_results/photo_2024-11-19_10-31-29 (1)_annotated.jpg.
2024-11-19 16:35:13,135 - INFO - Detections made on image raw_telegram_data/photo_2024-11-19_10-26-20.jpg: 20 objects found.
2024-11-19 16:35:13,145 - INFO - Annotated image saved to detection_results/photo_2024-11-19_10-26-20_annotated.jpg.
2024-11-19 16:35:13,235 - INFO - Detections made on image raw_telegram_data/photo_2024-11-19_10-27-22.jpg: 0 objects found.
2024-11-19 16:35:13,241 - INFO - Annotated image saved to detection_results/photo_2024-11-19_10-27-22_annotated.jpg.
2024-11-19 16:35:13,300 - INFO - Detections made on image raw_telegram_data/photo_2024-11-19_10-26-48 (1).jpg: 1 objects found.
2024-11-19 16:35:13,305 - INFO - Annotated image saved to detection_results/photo_2024-11-19_10-26-48 (1)_annotated.jpg.
2024-11-19 16:35:13,387 - INFO - Detections made on image raw_telegram_data/photo_2024-11-19_10-27-09 (3).jpg: 0 objects found.
2024-11-19 16:35:13,389 - INFO - Annotated image saved to detection_results/photo_2024-11-19_10-27-09 (3)_annotated.jpg.
2024-11-19 16:35:13,462 - INFO - Detections made on image raw_telegram_data/photo_2024-11-19_10-26-24 (6).jpg: 5 objects found.
2024-11-19 16:35:13,469 - INFO - Annotated image saved to detection_results/photo_2024-11-19_10-26-24 (6)_annotated.jpg.
2024-11-19 16:35:13,537 - INFO - Detections made on image raw_telegram_data/photo_2024-11-19_10-26-54 (3).jpg: 4 objects found.
2024-11-19 16:35:13,544 - INFO - Annotated image saved to detection_results/photo_2024-11-19_10-26-54 (3)_annotated.jpg.
2024-11-19 16:35:13,661 - INFO - Detections made on image raw_telegram_data/photo_2024-11-19_10-27-04 (2).jpg: 0 objects found.
2024-11-19 16:35:13,664 - INFO - Annotated image saved to detection_results/photo_2024-11-19_10-27-04 (2)_annotated.jpg.
2024-11-19 16:35:13,733 - INFO - Detections made on image raw_telegram_data/photo_2024-11-19_10-26-49 (1).jpg: 4 objects found.
2024-11-19 16:35:13,739 - INFO - Annotated image saved to detection_results/photo_2024-11-19_10-26-49 (1)_annotated.jpg.
2024-11-19 16:35:13,857 - INFO - Detections made on image raw_telegram_data/photo_2024-11-19_10-27-16 (2).jpg: 1 objects found.
2024-11-19 16:35:13,862 - INFO - Annotated image saved to detection_results/photo_2024-11-19_10-27-16 (2)_annotated.jpg.
2024-11-19 16:35:13,928 - INFO - Detections made on image raw_telegram_data/photo_2024-11-19_10-26-21 (2).jpg: 11 objects found.
2024-11-19 16:35:13,936 - INFO - Annotated image saved to detection_results/photo_2024-11-19_10-26-21 (2)_annotated.jpg.
2024-11-19 16:35:14,038 - INFO - Detections made on image raw_telegram_data/photo_2024-11-19_10-27-44 (1).jpg: 0 objects found.
2024-11-19 16:35:14,045 - INFO - Annotated image saved to detection_results/photo_2024-11-19_10-27-44 (1)_annotated.jpg.
2024-11-19 16:35:14,122 - INFO - Detections made on image raw_telegram_data/photo_2024-11-19_10-27-21 (4).jpg: 0 objects found.
2024-11-19 16:35:14,127 - INFO - Annotated image saved to detection_results/photo_2024-11-19_10-27-21 (4)_annotated.jpg.
2024-11-19 16:35:14,213 - INFO - Detections made on image raw_telegram_data/photo_2024-11-19_10-27-03 (3).jpg: 1 objects found.
2024-11-19 16:35:14,220 - INFO - Annotated image saved to detection_results/photo_2024-11-19_10-27-03 (3)_annotated.jpg.
2024-11-19 16:35:14,294 - INFO - Detections made on image raw_telegram_data/photo_2024-11-19_10-26-45 (5).jpg: 1 objects found.
2024-11-19 16:35:14,299 - INFO - Annotated image saved to detection_results/photo_2024-11-19_10-26-45 (5)_annotated.jpg.
2024-11-19 16:35:14,382 - INFO - Detections made on image raw_telegram_data/photo_2024-11-19_10-31-29.jpg: 5 objects found.
2024-11-19 16:35:14,390 - INFO - Annotated image saved to detection_results/photo_2024-11-19_10-31-29_annotated.jpg.
2024-11-19 16:35:14,695 - INFO - Detections made on image raw_telegram_data/photo_2024-11-19_10-27-11 (1).jpg: 0 objects found.
2024-11-19 16:35:14,700 - INFO - Annotated image saved to detection_results/photo_2024-11-19_10-27-11 (1)_annotated.jpg.
2024-11-19 16:35:14,810 - INFO - Detections made on image raw_telegram_data/photo_2024-11-19_10-27-06 (3).jpg: 0 objects found.
2024-11-19 16:35:14,816 - INFO - Annotated image saved to detection_results/photo_2024-11-19_10-27-06 (3)_annotated.jpg.
2024-11-19 16:35:14,922 - INFO - Detections made on image raw_telegram_data/photo_2024-11-19_10-27-20 (4).jpg: 1 objects found.
2024-11-19 16:35:14,928 - INFO - Annotated image saved to detection_results/photo_2024-11-19_10-27-20 (4)_annotated.jpg.
2024-11-19 16:35:15,049 - INFO - Detections made on image raw_telegram_data/photo_2024-11-19_10-27-12 (1).jpg: 0 objects found.
2024-11-19 16:35:15,052 - INFO - Annotated image saved to detection_results/photo_2024-11-19_10-27-12 (1)_annotated.jpg.
2024-11-19 16:35:15,133 - INFO - Detections made on image raw_telegram_data/photo_2024-11-19_10-26-50 (1).jpg: 8 objects found.
2024-11-19 16:35:15,141 - INFO - Annotated image saved to detection_results/photo_2024-11-19_10-26-50 (1)_annotated.jpg.
2024-11-19 16:35:15,243 - INFO - Detections made on image raw_telegram_data/photo_2024-11-19_10-27-45.jpg: 0 objects found.
2024-11-19 16:35:15,250 - INFO - Annotated image saved to detection_results/photo_2024-11-19_10-27-45_annotated.jpg.
2024-11-19 16:35:15,332 - INFO - Detections made on image raw_telegram_data/photo_2024-11-19_10-27-09.jpg: 0 objects found.
2024-11-19 16:35:15,334 - INFO - Annotated image saved to detection_results/photo_2024-11-19_10-27-09_annotated.jpg.
2024-11-19 16:35:15,407 - INFO - Detections made on image raw_telegram_data/photo_2024-11-19_10-31-28 (2).jpg: 15 objects found.
2024-11-19 16:35:15,418 - INFO - Annotated image saved to detection_results/photo_2024-11-19_10-31-28 (2)_annotated.jpg.
2024-11-19 16:35:15,531 - INFO - Detections made on image raw_telegram_data/photo_2024-11-19_10-27-10 (1).jpg: 0 objects found.
2024-11-19 16:35:15,536 - INFO - Annotated image saved to detection_results/photo_2024-11-19_10-27-10 (1)_annotated.jpg.
2024-11-19 16:35:15,619 - INFO - Detections made on image raw_telegram_data/photo_2024-11-19_10-26-25 (4).jpg: 13 objects found.
2024-11-19 16:35:15,627 - INFO - Annotated image saved to detection_results/photo_2024-11-19_10-26-25 (4)_annotated.jpg.
2024-11-19 16:35:15,728 - INFO - Detections made on image raw_telegram_data/photo_2024-11-19_10-31-35.jpg: 4 objects found.
2024-11-19 16:35:15,735 - INFO - Annotated image saved to detection_results/photo_2024-11-19_10-31-35_annotated.jpg.
2024-11-19 16:35:15,854 - INFO - Detections made on image raw_telegram_data/photo_2024-11-19_10-27-45 (2).jpg: 0 objects found.
2024-11-19 16:35:15,860 - INFO - Annotated image saved to detection_results/photo_2024-11-19_10-27-45 (2)_annotated.jpg.
2024-11-19 16:35:15,887 - ERROR - Error during object detection on raw_telegram_data/document_2024-11-19_10-26-26.mp4: Image not found or cannot be read: raw_telegram_data/document_2024-11-19_10-26-26.mp4
2024-11-19 16:35:15,952 - INFO - Detections made on image raw_telegram_data/photo_2024-11-19_10-31-46 (2).jpg: 2 objects found.
2024-11-19 16:35:15,957 - INFO - Annotated image saved to detection_results/photo_2024-11-19_10-31-46 (2)_annotated.jpg.
2024-11-19 16:35:16,025 - INFO - Detections made on image raw_telegram_data/photo_2024-11-19_10-26-44 (1).jpg: 6 objects found.
2024-11-19 16:35:16,031 - INFO - Annotated image saved to detection_results/photo_2024-11-19_10-26-44 (1)_annotated.jpg.
2024-11-19 16:35:16,135 - INFO - Detections made on image raw_telegram_data/photo_2024-11-19_10-26-58 (3).jpg: 1 objects found.
2024-11-19 16:35:16,151 - INFO - Annotated image saved to detection_results/photo_2024-11-19_10-26-58 (3)_annotated.jpg.
2024-11-19 16:35:16,191 - INFO - All detection results saved to detection_results/detection_results.csv.
2024-11-19 16:35:16,191 - INFO - Object Detection Process Completed Successfully.
