2024-11-19 10:25:31,394 - INFO - Started Telegram Scraping Process.
2024-11-19 10:25:34,625 - INFO - Connecting to 149.154.167.51:443/TcpFull...
2024-11-19 10:25:36,511 - INFO - Connection to 149.154.167.51:443/TcpFull complete!
2024-11-19 10:25:44,040 - ERROR - Failed to connect to Telegram: The phone number is invalid (caused by SendCodeRequest)
2024-11-19 10:25:50,809 - INFO - Started Telegram Scraping Process.
2024-11-19 10:25:50,810 - INFO - Connecting to 149.154.167.51:443/TcpFull...
2024-11-19 10:25:50,908 - INFO - Connection to 149.154.167.51:443/TcpFull complete!
2024-11-19 10:25:57,966 - INFO - Phone migrated to 4
2024-11-19 10:25:58,109 - INFO - Reconnecting to new data center 4
2024-11-19 10:25:58,329 - INFO - Disconnecting from 149.154.167.51:443/TcpFull...
2024-11-19 10:25:58,330 - INFO - Disconnection from 149.154.167.51:443/TcpFull complete!
2024-11-19 10:25:58,331 - INFO - Connecting to 149.154.167.91:443/TcpFull...
2024-11-19 10:25:59,972 - INFO - Connection to 149.154.167.91:443/TcpFull complete!
2024-11-19 10:26:16,571 - INFO - Successfully connected to Telegram.
2024-11-19 10:26:17,297 - INFO - Starting direct file download in chunks of 131072 at 0, stride 131072
2024-11-19 10:26:17,732 - INFO - Starting direct file download in chunks of 131072 at 0, stride 131072
2024-11-19 10:26:18,091 - INFO - Starting direct file download in chunks of 131072 at 0, stride 131072
2024-11-19 10:26:18,529 - INFO - Starting direct file download in chunks of 131072 at 0, stride 131072
2024-11-19 10:26:18,877 - INFO - Starting direct file download in chunks of 131072 at 0, stride 131072
2024-11-19 10:26:19,066 - INFO - Starting direct file download in chunks of 131072 at 0, stride 131072
2024-11-19 10:26:19,266 - INFO - Starting direct file download in chunks of 131072 at 0, stride 131072
2024-11-19 10:26:19,620 - INFO - Starting direct file download in chunks of 131072 at 0, stride 131072
2024-11-19 10:26:20,104 - INFO - Starting direct file download in chunks of 131072 at 0, stride 131072
2024-11-19 10:26:20,642 - INFO - Starting direct file download in chunks of 131072 at 0, stride 131072
2024-11-19 10:26:21,014 - INFO - Starting direct file download in chunks of 131072 at 0, stride 131072
2024-11-19 10:26:21,284 - INFO - Starting direct file download in chunks of 131072 at 0, stride 131072
2024-11-19 10:26:21,599 - INFO - Starting direct file download in chunks of 131072 at 0, stride 131072
2024-11-19 10:26:21,724 - INFO - Starting direct file download in chunks of 131072 at 0, stride 131072
2024-11-19 10:26:21,885 - INFO - Starting direct file download in chunks of 131072 at 0, stride 131072
2024-11-19 10:26:22,063 - INFO - Starting direct file download in chunks of 131072 at 0, stride 131072
2024-11-19 10:26:22,425 - INFO - Starting direct file download in chunks of 131072 at 0, stride 131072
2024-11-19 10:26:22,761 - INFO - Starting direct file download in chunks of 131072 at 0, stride 131072
2024-11-19 10:26:22,949 - INFO - Starting direct file download in chunks of 131072 at 0, stride 131072
2024-11-19 10:26:23,142 - INFO - Starting direct file download in chunks of 131072 at 0, stride 131072
2024-11-19 10:26:23,338 - INFO - Starting direct file download in chunks of 131072 at 0, stride 131072
2024-11-19 10:26:23,632 - INFO - Starting direct file download in chunks of 131072 at 0, stride 131072
2024-11-19 10:26:23,780 - INFO - Starting direct file download in chunks of 131072 at 0, stride 131072
2024-11-19 10:26:24,040 - INFO - Starting direct file download in chunks of 131072 at 0, stride 131072
2024-11-19 10:26:24,194 - INFO - Starting direct file download in chunks of 131072 at 0, stride 131072
2024-11-19 10:26:24,344 - INFO - Starting direct file download in chunks of 131072 at 0, stride 131072
2024-11-19 10:26:24,488 - INFO - Starting direct file download in chunks of 131072 at 0, stride 131072
2024-11-19 10:26:24,629 - INFO - Starting direct file download in chunks of 131072 at 0, stride 131072
2024-11-19 10:26:24,766 - INFO - Starting direct file download in chunks of 131072 at 0, stride 131072
2024-11-19 10:26:24,901 - INFO - Starting direct file download in chunks of 131072 at 0, stride 131072
2024-11-19 10:26:25,068 - INFO - Starting direct file download in chunks of 131072 at 0, stride 131072
2024-11-19 10:26:25,207 - INFO - Starting direct file download in chunks of 131072 at 0, stride 131072
2024-11-19 10:26:25,468 - INFO - Starting direct file download in chunks of 131072 at 0, stride 131072
2024-11-19 10:26:25,643 - INFO - Starting direct file download in chunks of 131072 at 0, stride 131072
2024-11-19 10:26:25,820 - INFO - Starting direct file download in chunks of 131072 at 0, stride 131072
2024-11-19 10:26:26,026 - INFO - Starting direct file download in chunks of 131072 at 0, stride 131072
2024-11-19 10:26:42,796 - INFO - Starting direct file download in chunks of 131072 at 0, stride 131072
2024-11-19 10:26:42,991 - INFO - Starting direct file download in chunks of 131072 at 0, stride 131072
2024-11-19 10:26:43,186 - INFO - Starting direct file download in chunks of 131072 at 0, stride 131072
2024-11-19 10:26:43,358 - INFO - Starting direct file download in chunks of 131072 at 0, stride 131072
2024-11-19 10:26:43,632 - INFO - Starting direct file download in chunks of 131072 at 0, stride 131072
2024-11-19 10:26:43,774 - INFO - Starting direct file download in chunks of 131072 at 0, stride 131072
2024-11-19 10:26:43,921 - INFO - Starting direct file download in chunks of 131072 at 0, stride 131072
2024-11-19 10:26:44,214 - INFO - Starting direct file download in chunks of 131072 at 0, stride 131072
2024-11-19 10:26:44,722 - INFO - Starting direct file download in chunks of 131072 at 0, stride 131072
2024-11-19 10:26:45,003 - INFO - Starting direct file download in chunks of 131072 at 0, stride 131072
2024-11-19 10:26:45,188 - INFO - Starting direct file download in chunks of 131072 at 0, stride 131072
2024-11-19 10:26:45,419 - INFO - Starting direct file download in chunks of 131072 at 0, stride 131072
2024-11-19 10:26:45,588 - INFO - Starting direct file download in chunks of 131072 at 0, stride 131072
2024-11-19 10:26:45,800 - INFO - Starting direct file download in chunks of 131072 at 0, stride 131072
2024-11-19 10:26:45,942 - INFO - Starting direct file download in chunks of 131072 at 0, stride 131072
2024-11-19 10:26:46,117 - INFO - Starting direct file download in chunks of 131072 at 0, stride 131072
2024-11-19 10:26:46,294 - INFO - Starting direct file download in chunks of 131072 at 0, stride 131072
2024-11-19 10:26:46,425 - INFO - Starting direct file download in chunks of 131072 at 0, stride 131072
2024-11-19 10:26:46,777 - INFO - Starting direct file download in chunks of 131072 at 0, stride 131072
2024-11-19 10:26:46,960 - INFO - Starting direct file download in chunks of 131072 at 0, stride 131072
2024-11-19 10:26:47,165 - INFO - Starting direct file download in chunks of 131072 at 0, stride 131072
2024-11-19 10:26:47,375 - INFO - Starting direct file download in chunks of 131072 at 0, stride 131072
2024-11-19 10:26:47,767 - INFO - Starting direct file download in chunks of 131072 at 0, stride 131072
2024-11-19 10:26:48,092 - INFO - Starting direct file download in chunks of 131072 at 0, stride 131072
2024-11-19 10:26:48,249 - INFO - Starting direct file download in chunks of 131072 at 0, stride 131072
2024-11-19 10:26:48,391 - INFO - Starting direct file download in chunks of 131072 at 0, stride 131072
2024-11-19 10:26:48,601 - INFO - Starting direct file download in chunks of 131072 at 0, stride 131072
2024-11-19 10:26:48,895 - INFO - Starting direct file download in chunks of 131072 at 0, stride 131072
2024-11-19 10:26:49,038 - INFO - Starting direct file download in chunks of 131072 at 0, stride 131072
2024-11-19 10:26:49,207 - INFO - Starting direct file download in chunks of 131072 at 0, stride 131072
2024-11-19 10:26:49,366 - INFO - Starting direct file download in chunks of 131072 at 0, stride 131072
2024-11-19 10:26:49,680 - INFO - Starting direct file download in chunks of 131072 at 0, stride 131072
2024-11-19 10:26:49,990 - INFO - Starting direct file download in chunks of 131072 at 0, stride 131072
2024-11-19 10:26:50,267 - INFO - Starting direct file download in chunks of 131072 at 0, stride 131072
2024-11-19 10:26:50,621 - INFO - Starting direct file download in chunks of 131072 at 0, stride 131072
2024-11-19 10:26:50,790 - INFO - Starting direct file download in chunks of 131072 at 0, stride 131072
2024-11-19 10:26:50,947 - INFO - Starting direct file download in chunks of 131072 at 0, stride 131072
2024-11-19 10:26:51,291 - INFO - Starting direct file download in chunks of 131072 at 0, stride 131072
2024-11-19 10:26:51,615 - INFO - Starting direct file download in chunks of 131072 at 0, stride 131072
2024-11-19 10:26:51,807 - INFO - Starting direct file download in chunks of 131072 at 0, stride 131072
2024-11-19 10:26:52,175 - INFO - Starting direct file download in chunks of 131072 at 0, stride 131072
2024-11-19 10:26:52,534 - INFO - Starting direct file download in chunks of 131072 at 0, stride 131072
2024-11-19 10:26:52,704 - INFO - Starting direct file download in chunks of 131072 at 0, stride 131072
2024-11-19 10:26:52,846 - INFO - Starting direct file download in chunks of 131072 at 0, stride 131072
2024-11-19 10:26:53,116 - INFO - Starting direct file download in chunks of 131072 at 0, stride 131072
2024-11-19 10:26:53,250 - INFO - Starting direct file download in chunks of 131072 at 0, stride 131072
2024-11-19 10:26:53,391 - INFO - Starting direct file download in chunks of 131072 at 0, stride 131072
2024-11-19 10:26:53,643 - INFO - Starting direct file download in chunks of 131072 at 0, stride 131072
2024-11-19 10:26:53,922 - INFO - Starting direct file download in chunks of 131072 at 0, stride 131072
2024-11-19 10:26:54,199 - INFO - Starting direct file download in chunks of 131072 at 0, stride 131072
2024-11-19 10:26:54,403 - INFO - Starting direct file download in chunks of 131072 at 0, stride 131072
2024-11-19 10:26:54,685 - INFO - Starting direct file download in chunks of 131072 at 0, stride 131072
2024-11-19 10:26:54,822 - INFO - Starting direct file download in chunks of 131072 at 0, stride 131072
2024-11-19 10:26:55,134 - INFO - Starting direct file download in chunks of 131072 at 0, stride 131072
2024-11-19 10:26:55,499 - INFO - Starting direct file download in chunks of 131072 at 0, stride 131072
2024-11-19 10:26:55,834 - INFO - Starting direct file download in chunks of 131072 at 0, stride 131072
2024-11-19 10:26:55,985 - INFO - Starting direct file download in chunks of 131072 at 0, stride 131072
2024-11-19 10:26:56,155 - INFO - Starting direct file download in chunks of 131072 at 0, stride 131072
2024-11-19 10:26:56,326 - INFO - Starting direct file download in chunks of 131072 at 0, stride 131072
2024-11-19 10:26:56,518 - INFO - Starting direct file download in chunks of 131072 at 0, stride 131072
2024-11-19 10:26:56,847 - INFO - Starting direct file download in chunks of 131072 at 0, stride 131072
2024-11-19 10:26:57,008 - INFO - Scraped 100 messages from DoctorsET.
2024-11-19 10:26:57,444 - INFO - Starting direct file download in chunks of 131072 at 0, stride 131072
2024-11-19 10:26:57,712 - INFO - Starting direct file download in chunks of 131072 at 0, stride 131072
2024-11-19 10:26:57,991 - INFO - Starting direct file download in chunks of 131072 at 0, stride 131072
2024-11-19 10:26:58,158 - INFO - Starting direct file download in chunks of 131072 at 0, stride 131072
2024-11-19 10:26:58,303 - INFO - Starting direct file download in chunks of 131072 at 0, stride 131072
2024-11-19 10:26:58,488 - INFO - Starting direct file download in chunks of 131072 at 0, stride 131072
2024-11-19 10:26:58,658 - INFO - Starting direct file download in chunks of 131072 at 0, stride 131072
2024-11-19 10:26:58,786 - INFO - Starting direct file download in chunks of 131072 at 0, stride 131072
2024-11-19 10:26:58,910 - INFO - Starting direct file download in chunks of 131072 at 0, stride 131072
2024-11-19 10:26:59,028 - INFO - Starting direct file download in chunks of 131072 at 0, stride 131072
2024-11-19 10:26:59,146 - INFO - Starting direct file download in chunks of 131072 at 0, stride 131072
2024-11-19 10:26:59,287 - INFO - Starting direct file download in chunks of 131072 at 0, stride 131072
2024-11-19 10:26:59,568 - INFO - Starting direct file download in chunks of 131072 at 0, stride 131072
2024-11-19 10:26:59,687 - INFO - Starting direct file download in chunks of 131072 at 0, stride 131072
2024-11-19 10:26:59,866 - INFO - Starting direct file download in chunks of 131072 at 0, stride 131072
2024-11-19 10:27:00,032 - INFO - Starting direct file download in chunks of 131072 at 0, stride 131072
2024-11-19 10:27:00,201 - INFO - Starting direct file download in chunks of 131072 at 0, stride 131072
2024-11-19 10:27:00,337 - INFO - Starting direct file download in chunks of 131072 at 0, stride 131072
2024-11-19 10:27:00,541 - INFO - Starting direct file download in chunks of 131072 at 0, stride 131072
2024-11-19 10:27:00,668 - INFO - Starting direct file download in chunks of 131072 at 0, stride 131072
2024-11-19 10:27:00,799 - INFO - Starting direct file download in chunks of 131072 at 0, stride 131072
2024-11-19 10:27:00,940 - INFO - Starting direct file download in chunks of 131072 at 0, stride 131072
2024-11-19 10:27:01,067 - INFO - Starting direct file download in chunks of 131072 at 0, stride 131072
2024-11-19 10:27:01,220 - INFO - Starting direct file download in chunks of 131072 at 0, stride 131072
2024-11-19 10:27:01,768 - INFO - Starting direct file download in chunks of 131072 at 0, stride 131072
2024-11-19 10:27:02,154 - INFO - Starting direct file download in chunks of 131072 at 0, stride 131072
2024-11-19 10:27:02,300 - INFO - Starting direct file download in chunks of 131072 at 0, stride 131072
2024-11-19 10:27:02,425 - INFO - Starting direct file download in chunks of 131072 at 0, stride 131072
2024-11-19 10:27:02,581 - INFO - Starting direct file download in chunks of 131072 at 0, stride 131072
2024-11-19 10:27:02,704 - INFO - Starting direct file download in chunks of 131072 at 0, stride 131072
2024-11-19 10:27:02,951 - INFO - Starting direct file download in chunks of 131072 at 0, stride 131072
2024-11-19 10:27:03,214 - INFO - Starting direct file download in chunks of 131072 at 0, stride 131072
2024-11-19 10:27:03,367 - INFO - Starting direct file download in chunks of 131072 at 0, stride 131072
2024-11-19 10:27:03,497 - INFO - Starting direct file download in chunks of 131072 at 0, stride 131072
2024-11-19 10:27:03,616 - INFO - Starting direct file download in chunks of 131072 at 0, stride 131072
2024-11-19 10:27:03,863 - INFO - Starting direct file download in chunks of 131072 at 0, stride 131072
2024-11-19 10:27:03,993 - INFO - Starting direct file download in chunks of 131072 at 0, stride 131072
2024-11-19 10:27:04,257 - INFO - Starting direct file download in chunks of 131072 at 0, stride 131072
2024-11-19 10:27:04,501 - INFO - Starting direct file download in chunks of 131072 at 0, stride 131072
2024-11-19 10:27:04,885 - INFO - Starting direct file download in chunks of 131072 at 0, stride 131072
2024-11-19 10:27:05,014 - INFO - Starting direct file download in chunks of 131072 at 0, stride 131072
2024-11-19 10:27:05,166 - INFO - Starting direct file download in chunks of 131072 at 0, stride 131072
2024-11-19 10:27:05,449 - INFO - Starting direct file download in chunks of 131072 at 0, stride 131072
2024-11-19 10:27:05,561 - INFO - Starting direct file download in chunks of 131072 at 0, stride 131072
2024-11-19 10:27:05,677 - INFO - Starting direct file download in chunks of 131072 at 0, stride 131072
2024-11-19 10:27:05,825 - INFO - Starting direct file download in chunks of 131072 at 0, stride 131072
2024-11-19 10:27:05,936 - INFO - Starting direct file download in chunks of 131072 at 0, stride 131072
2024-11-19 10:27:06,059 - INFO - Starting direct file download in chunks of 131072 at 0, stride 131072
2024-11-19 10:27:06,367 - INFO - Starting direct file download in chunks of 131072 at 0, stride 131072
2024-11-19 10:27:06,497 - INFO - Starting direct file download in chunks of 131072 at 0, stride 131072
2024-11-19 10:27:06,661 - INFO - Starting direct file download in chunks of 131072 at 0, stride 131072
2024-11-19 10:27:06,790 - INFO - Starting direct file download in chunks of 131072 at 0, stride 131072
2024-11-19 10:27:06,938 - INFO - Starting direct file download in chunks of 131072 at 0, stride 131072
2024-11-19 10:27:07,086 - INFO - Starting direct file download in chunks of 131072 at 0, stride 131072
2024-11-19 10:27:07,207 - INFO - Starting direct file download in chunks of 131072 at 0, stride 131072
2024-11-19 10:27:07,329 - INFO - Starting direct file download in chunks of 131072 at 0, stride 131072
2024-11-19 10:27:07,475 - INFO - Starting direct file download in chunks of 131072 at 0, stride 131072
2024-11-19 10:27:07,610 - INFO - Starting direct file download in chunks of 131072 at 0, stride 131072
2024-11-19 10:27:07,723 - INFO - Starting direct file download in chunks of 131072 at 0, stride 131072
2024-11-19 10:27:07,869 - INFO - Starting direct file download in chunks of 131072 at 0, stride 131072
2024-11-19 10:27:07,998 - INFO - Starting direct file download in chunks of 131072 at 0, stride 131072
2024-11-19 10:27:08,261 - INFO - Starting direct file download in chunks of 131072 at 0, stride 131072
2024-11-19 10:27:08,377 - INFO - Starting direct file download in chunks of 131072 at 0, stride 131072
2024-11-19 10:27:08,485 - INFO - Starting direct file download in chunks of 131072 at 0, stride 131072
2024-11-19 10:27:08,600 - INFO - Starting direct file download in chunks of 131072 at 0, stride 131072
2024-11-19 10:27:08,727 - INFO - Starting direct file download in chunks of 131072 at 0, stride 131072
2024-11-19 10:27:08,841 - INFO - Starting direct file download in chunks of 131072 at 0, stride 131072
2024-11-19 10:27:08,958 - INFO - Starting direct file download in chunks of 131072 at 0, stride 131072
2024-11-19 10:27:09,097 - INFO - Starting direct file download in chunks of 131072 at 0, stride 131072
2024-11-19 10:27:09,222 - INFO - Starting direct file download in chunks of 131072 at 0, stride 131072
2024-11-19 10:27:09,339 - INFO - Starting direct file download in chunks of 131072 at 0, stride 131072
2024-11-19 10:27:09,493 - INFO - Starting direct file download in chunks of 131072 at 0, stride 131072
2024-11-19 10:27:09,646 - INFO - Starting direct file download in chunks of 131072 at 0, stride 131072
2024-11-19 10:27:09,795 - INFO - Starting direct file download in chunks of 131072 at 0, stride 131072
2024-11-19 10:27:10,332 - INFO - Starting direct file download in chunks of 131072 at 0, stride 131072
2024-11-19 10:27:10,671 - INFO - Starting direct file download in chunks of 131072 at 0, stride 131072
2024-11-19 10:27:11,503 - INFO - Starting direct file download in chunks of 131072 at 0, stride 131072
2024-11-19 10:27:11,851 - INFO - Starting direct file download in chunks of 131072 at 0, stride 131072
2024-11-19 10:27:11,973 - INFO - Starting direct file download in chunks of 131072 at 0, stride 131072
2024-11-19 10:27:12,137 - INFO - Starting direct file download in chunks of 131072 at 0, stride 131072
2024-11-19 10:27:12,385 - INFO - Starting direct file download in chunks of 131072 at 0, stride 131072
2024-11-19 10:27:12,500 - INFO - Starting direct file download in chunks of 131072 at 0, stride 131072
2024-11-19 10:27:12,630 - INFO - Starting direct file download in chunks of 131072 at 0, stride 131072
2024-11-19 10:27:12,756 - INFO - Starting direct file download in chunks of 131072 at 0, stride 131072
2024-11-19 10:27:12,876 - INFO - Starting direct file download in chunks of 131072 at 0, stride 131072
2024-11-19 10:27:13,120 - INFO - Starting direct file download in chunks of 131072 at 0, stride 131072
2024-11-19 10:27:13,369 - INFO - Starting direct file download in chunks of 131072 at 0, stride 131072
2024-11-19 10:27:13,746 - INFO - Starting direct file download in chunks of 131072 at 0, stride 131072
2024-11-19 10:27:13,865 - INFO - Starting direct file download in chunks of 131072 at 0, stride 131072
2024-11-19 10:27:13,989 - INFO - Starting direct file download in chunks of 131072 at 0, stride 131072
2024-11-19 10:27:14,106 - INFO - Starting direct file download in chunks of 131072 at 0, stride 131072
2024-11-19 10:27:14,347 - INFO - Starting direct file download in chunks of 131072 at 0, stride 131072
2024-11-19 10:27:14,595 - INFO - Starting direct file download in chunks of 131072 at 0, stride 131072
2024-11-19 10:27:14,737 - INFO - Starting direct file download in chunks of 131072 at 0, stride 131072
2024-11-19 10:27:14,876 - INFO - Starting direct file download in chunks of 131072 at 0, stride 131072
2024-11-19 10:27:15,007 - INFO - Starting direct file download in chunks of 131072 at 0, stride 131072
2024-11-19 10:27:15,161 - INFO - Starting direct file download in chunks of 131072 at 0, stride 131072
2024-11-19 10:27:15,471 - INFO - Starting direct file download in chunks of 131072 at 0, stride 131072
2024-11-19 10:27:15,609 - INFO - Starting direct file download in chunks of 131072 at 0, stride 131072
2024-11-19 10:27:15,755 - INFO - Starting direct file download in chunks of 131072 at 0, stride 131072
2024-11-19 10:27:15,909 - INFO - Scraped 100 messages from lobelia4cosmetics.
2024-11-19 10:27:16,351 - INFO - Starting direct file download in chunks of 131072 at 0, stride 131072
2024-11-19 10:27:16,485 - INFO - Starting direct file download in chunks of 131072 at 0, stride 131072
2024-11-19 10:27:16,680 - INFO - Starting direct file download in chunks of 131072 at 0, stride 131072
2024-11-19 10:27:16,842 - INFO - Starting direct file download in chunks of 131072 at 0, stride 131072
2024-11-19 10:27:17,006 - INFO - Starting direct file download in chunks of 131072 at 0, stride 131072
2024-11-19 10:27:17,173 - INFO - Starting direct file download in chunks of 131072 at 0, stride 131072
2024-11-19 10:27:17,334 - INFO - Starting direct file download in chunks of 131072 at 0, stride 131072
2024-11-19 10:27:17,493 - INFO - Starting direct file download in chunks of 131072 at 0, stride 131072
2024-11-19 10:27:17,617 - INFO - Starting direct file download in chunks of 131072 at 0, stride 131072
2024-11-19 10:27:17,769 - INFO - Starting direct file download in chunks of 131072 at 0, stride 131072
2024-11-19 10:27:17,911 - INFO - Starting direct file download in chunks of 131072 at 0, stride 131072
2024-11-19 10:27:18,179 - INFO - Starting direct file download in chunks of 131072 at 0, stride 131072
2024-11-19 10:27:18,301 - INFO - Starting direct file download in chunks of 131072 at 0, stride 131072
2024-11-19 10:27:18,449 - INFO - Starting direct file download in chunks of 131072 at 0, stride 131072
2024-11-19 10:27:18,585 - INFO - Starting direct file download in chunks of 131072 at 0, stride 131072
2024-11-19 10:27:18,809 - INFO - Starting direct file download in chunks of 131072 at 0, stride 131072
2024-11-19 10:27:19,080 - INFO - Starting direct file download in chunks of 131072 at 0, stride 131072
2024-11-19 10:27:19,370 - INFO - Starting direct file download in chunks of 131072 at 0, stride 131072
2024-11-19 10:27:19,634 - INFO - Starting direct file download in chunks of 131072 at 0, stride 131072
2024-11-19 10:27:19,912 - INFO - Starting direct file download in chunks of 131072 at 0, stride 131072
2024-11-19 10:27:20,066 - INFO - Starting direct file download in chunks of 131072 at 0, stride 131072
2024-11-19 10:27:20,217 - INFO - Starting direct file download in chunks of 131072 at 0, stride 131072
2024-11-19 10:27:20,374 - INFO - Starting direct file download in chunks of 131072 at 0, stride 131072
2024-11-19 10:27:20,649 - INFO - Starting direct file download in chunks of 131072 at 0, stride 131072
2024-11-19 10:27:20,918 - INFO - Starting direct file download in chunks of 131072 at 0, stride 131072
2024-11-19 10:27:21,042 - INFO - Starting direct file download in chunks of 131072 at 0, stride 131072
2024-11-19 10:27:21,288 - INFO - Starting direct file download in chunks of 131072 at 0, stride 131072
2024-11-19 10:27:21,528 - INFO - Starting direct file download in chunks of 131072 at 0, stride 131072
2024-11-19 10:27:21,662 - INFO - Starting direct file download in chunks of 131072 at 0, stride 131072
2024-11-19 10:27:21,792 - INFO - Starting direct file download in chunks of 131072 at 0, stride 131072
2024-11-19 10:27:21,949 - INFO - Starting direct file download in chunks of 131072 at 0, stride 131072
2024-11-19 10:27:22,263 - INFO - Starting direct file download in chunks of 131072 at 0, stride 131072
2024-11-19 10:27:22,399 - INFO - Starting direct file download in chunks of 131072 at 0, stride 131072
2024-11-19 10:27:22,541 - INFO - Starting direct file download in chunks of 131072 at 0, stride 131072
2024-11-19 10:27:26,907 - INFO - Starting direct file download in chunks of 131072 at 0, stride 131072
2024-11-19 10:27:32,246 - INFO - Starting direct file download in chunks of 131072 at 0, stride 131072
2024-11-19 10:27:39,293 - INFO - Starting direct file download in chunks of 131072 at 0, stride 131072
2024-11-19 10:27:39,499 - INFO - Starting direct file download in chunks of 131072 at 0, stride 131072
2024-11-19 10:27:39,670 - INFO - Starting direct file download in chunks of 131072 at 0, stride 131072
2024-11-19 10:27:39,835 - INFO - Starting direct file download in chunks of 131072 at 0, stride 131072
2024-11-19 10:27:40,004 - INFO - Starting direct file download in chunks of 131072 at 0, stride 131072
2024-11-19 10:27:40,115 - INFO - File lives in another DC
2024-11-19 10:27:40,116 - INFO - Connecting to 149.154.175.59:443/TcpFull...
2024-11-19 10:27:42,280 - INFO - Connection to 149.154.175.59:443/TcpFull complete!
2024-11-19 10:27:42,280 - INFO - Exporting auth for new borrowed sender in DcOption(id=1, ip_address='149.154.175.59', port=443, ipv6=False, media_only=False, tcpo_only=False, cdn=False, static=False, this_port_only=False, secret=None)
2024-11-19 10:27:44,010 - INFO - Starting direct file download in chunks of 131072 at 0, stride 131072
2024-11-19 10:27:44,481 - INFO - Starting direct file download in chunks of 131072 at 0, stride 131072
2024-11-19 10:27:44,689 - INFO - Starting direct file download in chunks of 131072 at 0, stride 131072
2024-11-19 10:27:44,982 - INFO - Starting direct file download in chunks of 131072 at 0, stride 131072
2024-11-19 10:27:45,137 - INFO - Starting direct file download in chunks of 131072 at 0, stride 131072
2024-11-19 10:27:45,289 - INFO - Starting direct file download in chunks of 131072 at 0, stride 131072
2024-11-19 10:27:45,420 - INFO - File lives in another DC
2024-11-19 10:27:45,741 - INFO - Starting direct file download in chunks of 131072 at 0, stride 131072
2024-11-19 10:27:45,885 - INFO - File lives in another DC
2024-11-19 10:27:46,196 - INFO - Starting direct file download in chunks of 131072 at 0, stride 131072
2024-11-19 10:27:46,388 - INFO - File lives in another DC
2024-11-19 10:27:46,711 - INFO - Starting direct file download in chunks of 131072 at 0, stride 131072
2024-11-19 10:27:46,835 - INFO - File lives in another DC
2024-11-19 10:27:47,121 - INFO - Starting direct file download in chunks of 131072 at 0, stride 131072
2024-11-19 10:27:47,244 - INFO - File lives in another DC
2024-11-19 10:27:47,596 - INFO - Starting direct file download in chunks of 131072 at 0, stride 131072
2024-11-19 10:27:47,762 - INFO - File lives in another DC
2024-11-19 10:27:48,045 - INFO - Starting direct file download in chunks of 131072 at 0, stride 131072
2024-11-19 10:27:48,586 - INFO - Starting direct file download in chunks of 131072 at 0, stride 131072
2024-11-19 10:27:48,794 - INFO - Starting direct file download in chunks of 131072 at 0, stride 131072
2024-11-19 10:27:49,072 - INFO - Starting direct file download in chunks of 131072 at 0, stride 131072
2024-11-19 10:27:49,253 - INFO - Starting direct file download in chunks of 131072 at 0, stride 131072
2024-11-19 10:27:49,421 - INFO - Starting direct file download in chunks of 131072 at 0, stride 131072
2024-11-19 10:27:49,572 - INFO - Starting direct file download in chunks of 131072 at 0, stride 131072
2024-11-19 10:27:49,713 - INFO - Starting direct file download in chunks of 131072 at 0, stride 131072
2024-11-19 10:27:49,854 - INFO - Starting direct file download in chunks of 131072 at 0, stride 131072
2024-11-19 10:27:49,973 - INFO - File lives in another DC
2024-11-19 10:27:50,578 - INFO - Starting direct file download in chunks of 131072 at 0, stride 131072
2024-11-19 10:27:50,697 - INFO - Starting direct file download in chunks of 131072 at 0, stride 131072
2024-11-19 10:27:50,960 - INFO - Starting direct file download in chunks of 131072 at 0, stride 131072
2024-11-19 10:27:51,106 - INFO - Starting direct file download in chunks of 131072 at 0, stride 131072
2024-11-19 10:29:00,636 - INFO - Disconnecting borrowed sender for DC 1
2024-11-19 10:29:00,636 - INFO - Disconnecting from 149.154.175.59:443/TcpFull...
2024-11-19 10:29:00,636 - INFO - Disconnection from 149.154.175.59:443/TcpFull complete!
2024-11-19 10:29:52,265 - INFO - Starting direct file download in chunks of 131072 at 0, stride 131072
2024-11-19 10:29:52,465 - INFO - Starting direct file download in chunks of 131072 at 0, stride 131072
2024-11-19 10:29:52,971 - INFO - Starting direct file download in chunks of 131072 at 0, stride 131072
2024-11-19 10:29:53,478 - INFO - Starting direct file download in chunks of 131072 at 0, stride 131072
2024-11-19 10:29:53,902 - INFO - Starting direct file download in chunks of 131072 at 0, stride 131072
2024-11-19 10:29:54,113 - INFO - Starting direct file download in chunks of 131072 at 0, stride 131072
2024-11-19 10:29:54,319 - INFO - Starting direct file download in chunks of 131072 at 0, stride 131072
2024-11-19 10:29:54,635 - INFO - Starting direct file download in chunks of 131072 at 0, stride 131072
2024-11-19 10:29:55,041 - INFO - Starting direct file download in chunks of 131072 at 0, stride 131072
2024-11-19 10:31:26,938 - INFO - Scraped 100 messages from yetenaweg.
2024-11-19 10:31:27,534 - INFO - Starting direct file download in chunks of 131072 at 0, stride 131072
2024-11-19 10:31:28,206 - INFO - Starting direct file download in chunks of 131072 at 0, stride 131072
2024-11-19 10:31:28,521 - INFO - Starting direct file download in chunks of 131072 at 0, stride 131072
2024-11-19 10:31:28,779 - INFO - Starting direct file download in chunks of 131072 at 0, stride 131072
2024-11-19 10:31:29,033 - INFO - Starting direct file download in chunks of 131072 at 0, stride 131072
2024-11-19 10:31:29,282 - INFO - Starting direct file download in chunks of 131072 at 0, stride 131072
2024-11-19 10:31:29,534 - INFO - Starting direct file download in chunks of 131072 at 0, stride 131072
2024-11-19 10:31:29,794 - INFO - Starting direct file download in chunks of 131072 at 0, stride 131072
2024-11-19 10:31:30,080 - INFO - Starting direct file download in chunks of 131072 at 0, stride 131072
2024-11-19 10:31:30,332 - INFO - Starting direct file download in chunks of 131072 at 0, stride 131072
2024-11-19 10:31:30,583 - INFO - Starting direct file download in chunks of 131072 at 0, stride 131072
2024-11-19 10:31:30,703 - INFO - Starting direct file download in chunks of 131072 at 0, stride 131072
2024-11-19 10:31:32,149 - INFO - Starting direct file download in chunks of 131072 at 0, stride 131072
2024-11-19 10:31:32,402 - INFO - Starting direct file download in chunks of 131072 at 0, stride 131072
2024-11-19 10:31:32,649 - INFO - Starting direct file download in chunks of 131072 at 0, stride 131072
2024-11-19 10:31:32,897 - INFO - Starting direct file download in chunks of 131072 at 0, stride 131072
2024-11-19 10:31:33,153 - INFO - Starting direct file download in chunks of 131072 at 0, stride 131072
2024-11-19 10:31:33,425 - INFO - Starting direct file download in chunks of 131072 at 0, stride 131072
2024-11-19 10:31:33,718 - INFO - Starting direct file download in chunks of 131072 at 0, stride 131072
2024-11-19 10:31:33,833 - INFO - Starting direct file download in chunks of 131072 at 0, stride 131072
2024-11-19 10:31:34,150 - INFO - Starting direct file download in chunks of 131072 at 0, stride 131072
2024-11-19 10:31:34,389 - INFO - Starting direct file download in chunks of 131072 at 0, stride 131072
2024-11-19 10:31:34,627 - INFO - Starting direct file download in chunks of 131072 at 0, stride 131072
2024-11-19 10:31:35,015 - INFO - Starting direct file download in chunks of 131072 at 0, stride 131072
2024-11-19 10:31:35,337 - INFO - Starting direct file download in chunks of 131072 at 0, stride 131072
2024-11-19 10:31:35,715 - INFO - Starting direct file download in chunks of 131072 at 0, stride 131072
2024-11-19 10:31:35,978 - INFO - Starting direct file download in chunks of 131072 at 0, stride 131072
2024-11-19 10:31:36,249 - INFO - Starting direct file download in chunks of 131072 at 0, stride 131072
2024-11-19 10:31:36,532 - INFO - Starting direct file download in chunks of 131072 at 0, stride 131072
2024-11-19 10:31:36,778 - INFO - Starting direct file download in chunks of 131072 at 0, stride 131072
2024-11-19 10:31:37,029 - INFO - Starting direct file download in chunks of 131072 at 0, stride 131072
2024-11-19 10:31:37,829 - INFO - Starting direct file download in chunks of 131072 at 0, stride 131072
2024-11-19 10:31:37,950 - INFO - Starting direct file download in chunks of 131072 at 0, stride 131072
2024-11-19 10:31:38,220 - INFO - Starting direct file download in chunks of 131072 at 0, stride 131072
2024-11-19 10:31:38,485 - INFO - Starting direct file download in chunks of 131072 at 0, stride 131072
2024-11-19 10:31:38,607 - INFO - Starting direct file download in chunks of 131072 at 0, stride 131072
2024-11-19 10:31:38,734 - INFO - Starting direct file download in chunks of 131072 at 0, stride 131072
2024-11-19 10:31:38,849 - INFO - Starting direct file download in chunks of 131072 at 0, stride 131072
2024-11-19 10:31:38,970 - INFO - Starting direct file download in chunks of 131072 at 0, stride 131072
2024-11-19 10:31:39,274 - INFO - Starting direct file download in chunks of 131072 at 0, stride 131072
2024-11-19 10:31:39,616 - INFO - Starting direct file download in chunks of 131072 at 0, stride 131072
2024-11-19 10:31:39,922 - INFO - Starting direct file download in chunks of 131072 at 0, stride 131072
2024-11-19 10:31:40,220 - INFO - Starting direct file download in chunks of 131072 at 0, stride 131072
2024-11-19 10:31:40,559 - INFO - Starting direct file download in chunks of 131072 at 0, stride 131072
2024-11-19 10:31:40,823 - INFO - Starting direct file download in chunks of 131072 at 0, stride 131072
2024-11-19 10:31:41,107 - INFO - Starting direct file download in chunks of 131072 at 0, stride 131072
2024-11-19 10:31:41,412 - INFO - Starting direct file download in chunks of 131072 at 0, stride 131072
2024-11-19 10:31:41,576 - INFO - Starting direct file download in chunks of 131072 at 0, stride 131072
2024-11-19 10:31:41,720 - INFO - Starting direct file download in chunks of 131072 at 0, stride 131072
2024-11-19 10:31:42,031 - INFO - Starting direct file download in chunks of 131072 at 0, stride 131072
2024-11-19 10:31:42,195 - INFO - Starting direct file download in chunks of 131072 at 0, stride 131072
2024-11-19 10:31:42,330 - INFO - Starting direct file download in chunks of 131072 at 0, stride 131072
2024-11-19 10:31:42,506 - INFO - Starting direct file download in chunks of 131072 at 0, stride 131072
2024-11-19 10:31:42,819 - INFO - Starting direct file download in chunks of 131072 at 0, stride 131072
2024-11-19 10:31:43,133 - INFO - Starting direct file download in chunks of 131072 at 0, stride 131072
2024-11-19 10:31:43,308 - INFO - Starting direct file download in chunks of 131072 at 0, stride 131072
2024-11-19 10:31:43,440 - INFO - Starting direct file download in chunks of 131072 at 0, stride 131072
2024-11-19 10:31:43,566 - INFO - Starting direct file download in chunks of 131072 at 0, stride 131072
2024-11-19 10:31:43,694 - INFO - Starting direct file download in chunks of 131072 at 0, stride 131072
2024-11-19 10:31:43,860 - INFO - Starting direct file download in chunks of 131072 at 0, stride 131072
2024-11-19 10:31:44,017 - INFO - Starting direct file download in chunks of 131072 at 0, stride 131072
2024-11-19 10:31:44,172 - INFO - Starting direct file download in chunks of 131072 at 0, stride 131072
2024-11-19 10:31:44,296 - INFO - Starting direct file download in chunks of 131072 at 0, stride 131072
2024-11-19 10:31:44,606 - INFO - Starting direct file download in chunks of 131072 at 0, stride 131072
2024-11-19 10:31:44,766 - INFO - Starting direct file download in chunks of 131072 at 0, stride 131072
2024-11-19 10:31:45,146 - INFO - Starting direct file download in chunks of 131072 at 0, stride 131072
2024-11-19 10:31:45,345 - INFO - Starting direct file download in chunks of 131072 at 0, stride 131072
2024-11-19 10:31:45,563 - INFO - Starting direct file download in chunks of 131072 at 0, stride 131072
2024-11-19 10:31:45,955 - INFO - Starting direct file download in chunks of 131072 at 0, stride 131072
2024-11-19 10:31:46,308 - INFO - Starting direct file download in chunks of 131072 at 0, stride 131072
2024-11-19 10:31:46,458 - INFO - Starting direct file download in chunks of 131072 at 0, stride 131072
2024-11-19 10:31:46,683 - INFO - Starting direct file download in chunks of 131072 at 0, stride 131072
2024-11-19 10:31:46,912 - INFO - Starting direct file download in chunks of 131072 at 0, stride 131072
2024-11-19 10:31:47,107 - INFO - Starting direct file download in chunks of 131072 at 0, stride 131072
2024-11-19 10:31:47,288 - INFO - Starting direct file download in chunks of 131072 at 0, stride 131072
2024-11-19 10:31:47,459 - INFO - Starting direct file download in chunks of 131072 at 0, stride 131072
2024-11-19 10:31:47,669 - INFO - Starting direct file download in chunks of 131072 at 0, stride 131072
2024-11-19 10:31:49,283 - INFO - Starting direct file download in chunks of 131072 at 0, stride 131072
2024-11-19 10:31:49,467 - INFO - Starting direct file download in chunks of 131072 at 0, stride 131072
2024-11-19 10:31:49,630 - INFO - Starting direct file download in chunks of 131072 at 0, stride 131072
2024-11-19 10:31:49,801 - INFO - Scraped 100 messages from EAHCI.
2024-11-19 10:31:49,801 - INFO - Disconnecting from 149.154.167.91:443/TcpFull...
2024-11-19 10:31:49,801 - INFO - Disconnection from 149.154.167.91:443/TcpFull complete!
2024-11-19 10:31:49,801 - INFO - Not disconnecting (already have no connection)
2024-11-19 10:31:49,895 - INFO - Telegram scraping process completed successfully.
