[0m17:14:32.467339 [debug] [MainThread]: Sending event: {'category': 'dbt', 'action': 'invocation', 'label': 'start', 'context': [<snowplow_tracker.self_describing_json.SelfDescribingJson object at 0x793627558a00>, <snowplow_tracker.self_describing_json.SelfDescribingJson object at 0x7936278bb610>, <snowplow_tracker.self_describing_json.SelfDescribingJson object at 0x7936278bb5b0>]}


============================== 17:14:32.469543 | be4387f1-0574-45de-8038-d1033a942909 ==============================
[0m17:14:32.469543 [info ] [MainThread]: Running with dbt=1.8.8
[0m17:14:32.470042 [debug] [MainThread]: running dbt with arguments {'printer_width': '80', 'indirect_selection': 'eager', 'log_cache_events': 'False', 'write_json': 'True', 'partial_parse': 'True', 'cache_selected_only': 'False', 'warn_error': 'None', 'debug': 'False', 'profiles_dir': '/home/sa/.dbt', 'log_path': 'logs', 'version_check': 'True', 'fail_fast': 'False', 'use_colors': 'True', 'use_experimental_parser': 'False', 'no_print': 'None', 'quiet': 'False', 'empty': 'None', 'warn_error_options': 'WarnErrorOptions(include=[], exclude=[])', 'introspect': 'True', 'invocation_command': 'dbt init dbtproject', 'log_format': 'default', 'target_path': 'None', 'static_parser': 'True', 'send_anonymous_usage_stats': 'True'}
[0m17:14:32.475560 [debug] [MainThread]: Starter project path: /home/sa/Documents/GitHub/TelegramScrapping/venv/lib/python3.10/site-packages/dbt/include/starter_project
[0m17:14:32.478321 [info ] [MainThread]: 
Your new dbt project "dbtproject" was created!

For more information on how to configure the profiles.yml file,
please consult the dbt documentation here:

  https://docs.getdbt.com/docs/configure-your-profile

One more thing:

Need help? Don't hesitate to reach out to us via GitHub issues or on Slack:

  https://community.getdbt.com/

Happy modeling!

[0m17:14:32.479022 [info ] [MainThread]: Setting up your profile.
[0m17:14:32.481746 [error] [MainThread]: Encountered an error:
Runtime Error
  No adapters available. Learn how to install an adapter by going to https://docs.getdbt.com/docs/connect-adapters#install-using-the-cli
[0m17:14:32.483143 [debug] [MainThread]: Resource report: {"command_name": "init", "command_wall_clock_time": 0.09265926, "process_user_time": 1.082197, "process_kernel_time": 0.083322, "process_mem_max_rss": "85764", "process_in_blocks": "9368", "process_out_blocks": "64", "command_success": false}
[0m17:14:32.483882 [debug] [MainThread]: Command `dbt init` failed at 17:14:32.483786 after 0.09 seconds
[0m17:14:32.484302 [debug] [MainThread]: Sending event: {'category': 'dbt', 'action': 'invocation', 'label': 'end', 'context': [<snowplow_tracker.self_describing_json.SelfDescribingJson object at 0x793627558a00>, <snowplow_tracker.self_describing_json.SelfDescribingJson object at 0x7936278bb670>, <snowplow_tracker.self_describing_json.SelfDescribingJson object at 0x7936278bb700>]}
[0m17:14:32.484865 [debug] [MainThread]: Flushing usage events
[0m17:14:32.489556 [debug] [MainThread]: Error sending anonymous usage statistics. Disabling tracking for this execution. If you wish to permanently disable tracking, see: https://docs.getdbt.com/reference/global-configs#send-anonymous-usage-stats.
