2024-11-20 08:14:12,835 - INFO - Started Telegram Scraping Process.
2024-11-20 08:14:14,337 - INFO - Connecting to 149.154.167.51:443/TcpFull...
2024-11-20 08:14:16,576 - INFO - Connection to 149.154.167.51:443/TcpFull complete!
2024-11-20 08:15:14,859 - INFO - Phone migrated to 4
2024-11-20 08:15:14,965 - INFO - Reconnecting to new data center 4
2024-11-20 08:15:15,737 - INFO - Disconnecting from 149.154.167.51:443/TcpFull...
2024-11-20 08:15:15,738 - INFO - Disconnection from 149.154.167.51:443/TcpFull complete!
2024-11-20 08:15:15,739 - INFO - Connecting to 149.154.167.91:443/TcpFull...
2024-11-20 08:15:18,301 - INFO - Connection to 149.154.167.91:443/TcpFull complete!
2024-11-20 08:15:33,622 - INFO - Successfully connected to Telegram.
2024-11-20 08:15:34,246 - INFO - Starting direct file download in chunks of 131072 at 0, stride 131072
2024-11-20 08:15:34,605 - INFO - Starting direct file download in chunks of 131072 at 0, stride 131072
2024-11-20 08:15:34,859 - INFO - Starting direct file download in chunks of 131072 at 0, stride 131072
2024-11-20 08:15:35,097 - INFO - Starting direct file download in chunks of 131072 at 0, stride 131072
2024-11-20 08:15:35,346 - INFO - Starting direct file download in chunks of 131072 at 0, stride 131072
2024-11-20 08:15:35,500 - INFO - Starting direct file download in chunks of 131072 at 0, stride 131072
2024-11-20 08:15:35,625 - INFO - Starting direct file download in chunks of 131072 at 0, stride 131072
2024-11-20 08:15:35,871 - INFO - Starting direct file download in chunks of 131072 at 0, stride 131072
2024-11-20 08:15:36,114 - INFO - Starting direct file download in chunks of 131072 at 0, stride 131072
2024-11-20 08:15:36,387 - INFO - Starting direct file download in chunks of 131072 at 0, stride 131072
2024-11-20 08:15:36,638 - INFO - Starting direct file download in chunks of 131072 at 0, stride 131072
2024-11-20 08:15:36,966 - INFO - Starting direct file download in chunks of 131072 at 0, stride 131072
2024-11-20 08:15:37,319 - INFO - Starting direct file download in chunks of 131072 at 0, stride 131072
2024-11-20 08:15:37,471 - INFO - Starting direct file download in chunks of 131072 at 0, stride 131072
2024-11-20 08:15:37,625 - INFO - Starting direct file download in chunks of 131072 at 0, stride 131072
2024-11-20 08:15:37,756 - INFO - Starting direct file download in chunks of 131072 at 0, stride 131072
2024-11-20 08:15:38,001 - INFO - Starting direct file download in chunks of 131072 at 0, stride 131072
2024-11-20 08:15:38,260 - INFO - Starting direct file download in chunks of 131072 at 0, stride 131072
2024-11-20 08:15:38,417 - INFO - Starting direct file download in chunks of 131072 at 0, stride 131072
2024-11-20 08:15:38,580 - INFO - Starting direct file download in chunks of 131072 at 0, stride 131072
2024-11-20 08:15:38,708 - INFO - Starting direct file download in chunks of 131072 at 0, stride 131072
2024-11-20 08:15:39,007 - INFO - Starting direct file download in chunks of 131072 at 0, stride 131072
2024-11-20 08:15:39,161 - INFO - Starting direct file download in chunks of 131072 at 0, stride 131072
2024-11-20 08:15:39,470 - INFO - Starting direct file download in chunks of 131072 at 0, stride 131072
2024-11-20 08:15:39,617 - INFO - Starting direct file download in chunks of 131072 at 0, stride 131072
2024-11-20 08:15:39,759 - INFO - Starting direct file download in chunks of 131072 at 0, stride 131072
2024-11-20 08:15:39,895 - INFO - Starting direct file download in chunks of 131072 at 0, stride 131072
2024-11-20 08:15:40,050 - INFO - Starting direct file download in chunks of 131072 at 0, stride 131072
2024-11-20 08:15:40,212 - INFO - Starting direct file download in chunks of 131072 at 0, stride 131072
2024-11-20 08:15:40,409 - INFO - Starting direct file download in chunks of 131072 at 0, stride 131072
2024-11-20 08:15:40,707 - INFO - Starting direct file download in chunks of 131072 at 0, stride 131072
2024-11-20 08:15:40,914 - INFO - Starting direct file download in chunks of 131072 at 0, stride 131072
2024-11-20 08:15:41,171 - INFO - Starting direct file download in chunks of 131072 at 0, stride 131072
2024-11-20 08:15:41,297 - INFO - Starting direct file download in chunks of 131072 at 0, stride 131072
2024-11-20 08:15:41,440 - INFO - Starting direct file download in chunks of 131072 at 0, stride 131072
2024-11-20 08:15:41,571 - INFO - Starting direct file download in chunks of 131072 at 0, stride 131072
2024-11-20 08:15:58,657 - INFO - Starting direct file download in chunks of 131072 at 0, stride 131072
2024-11-20 08:15:58,797 - INFO - Starting direct file download in chunks of 131072 at 0, stride 131072
2024-11-20 08:15:58,988 - INFO - Starting direct file download in chunks of 131072 at 0, stride 131072
2024-11-20 08:15:59,175 - INFO - Starting direct file download in chunks of 131072 at 0, stride 131072
2024-11-20 08:15:59,453 - INFO - Starting direct file download in chunks of 131072 at 0, stride 131072
2024-11-20 08:15:59,631 - INFO - Starting direct file download in chunks of 131072 at 0, stride 131072
2024-11-20 08:15:59,790 - INFO - Starting direct file download in chunks of 131072 at 0, stride 131072
2024-11-20 08:16:00,099 - INFO - Starting direct file download in chunks of 131072 at 0, stride 131072
2024-11-20 08:16:00,487 - INFO - Starting direct file download in chunks of 131072 at 0, stride 131072
2024-11-20 08:16:00,768 - INFO - Starting direct file download in chunks of 131072 at 0, stride 131072
2024-11-20 08:16:00,899 - INFO - Starting direct file download in chunks of 131072 at 0, stride 131072
2024-11-20 08:16:01,025 - INFO - Starting direct file download in chunks of 131072 at 0, stride 131072
2024-11-20 08:16:01,154 - INFO - Starting direct file download in chunks of 131072 at 0, stride 131072
2024-11-20 08:16:01,280 - INFO - Starting direct file download in chunks of 131072 at 0, stride 131072
2024-11-20 08:16:01,415 - INFO - Starting direct file download in chunks of 131072 at 0, stride 131072
2024-11-20 08:16:01,564 - INFO - Starting direct file download in chunks of 131072 at 0, stride 131072
2024-11-20 08:16:01,710 - INFO - Starting direct file download in chunks of 131072 at 0, stride 131072
2024-11-20 08:16:01,853 - INFO - Starting direct file download in chunks of 131072 at 0, stride 131072
2024-11-20 08:16:02,227 - INFO - Starting direct file download in chunks of 131072 at 0, stride 131072
2024-11-20 08:16:02,378 - INFO - Starting direct file download in chunks of 131072 at 0, stride 131072
2024-11-20 08:16:02,503 - INFO - Starting direct file download in chunks of 131072 at 0, stride 131072
2024-11-20 08:16:02,633 - INFO - Starting direct file download in chunks of 131072 at 0, stride 131072
2024-11-20 08:16:02,873 - INFO - Starting direct file download in chunks of 131072 at 0, stride 131072
2024-11-20 08:16:03,108 - INFO - Starting direct file download in chunks of 131072 at 0, stride 131072
2024-11-20 08:16:03,224 - INFO - Starting direct file download in chunks of 131072 at 0, stride 131072
2024-11-20 08:16:03,380 - INFO - Starting direct file download in chunks of 131072 at 0, stride 131072
2024-11-20 08:16:03,515 - INFO - Starting direct file download in chunks of 131072 at 0, stride 131072
2024-11-20 08:16:03,800 - INFO - Starting direct file download in chunks of 131072 at 0, stride 131072
2024-11-20 08:16:03,937 - INFO - Starting direct file download in chunks of 131072 at 0, stride 131072
2024-11-20 08:16:04,087 - INFO - Starting direct file download in chunks of 131072 at 0, stride 131072
2024-11-20 08:16:04,229 - INFO - Starting direct file download in chunks of 131072 at 0, stride 131072
2024-11-20 08:16:04,474 - INFO - Starting direct file download in chunks of 131072 at 0, stride 131072
2024-11-20 08:16:04,738 - INFO - Starting direct file download in chunks of 131072 at 0, stride 131072
2024-11-20 08:16:05,006 - INFO - Starting direct file download in chunks of 131072 at 0, stride 131072
2024-11-20 08:16:05,271 - INFO - Starting direct file download in chunks of 131072 at 0, stride 131072
2024-11-20 08:16:05,414 - INFO - Starting direct file download in chunks of 131072 at 0, stride 131072
2024-11-20 08:16:05,556 - INFO - Starting direct file download in chunks of 131072 at 0, stride 131072
2024-11-20 08:16:05,842 - INFO - Starting direct file download in chunks of 131072 at 0, stride 131072
2024-11-20 08:16:06,213 - INFO - Starting direct file download in chunks of 131072 at 0, stride 131072
2024-11-20 08:16:06,380 - INFO - Starting direct file download in chunks of 131072 at 0, stride 131072
2024-11-20 08:16:06,520 - INFO - Starting direct file download in chunks of 131072 at 0, stride 131072
2024-11-20 08:16:06,938 - INFO - Starting direct file download in chunks of 131072 at 0, stride 131072
2024-11-20 08:16:07,135 - INFO - Starting direct file download in chunks of 131072 at 0, stride 131072
2024-11-20 08:16:07,277 - INFO - Starting direct file download in chunks of 131072 at 0, stride 131072
2024-11-20 08:16:07,528 - INFO - Starting direct file download in chunks of 131072 at 0, stride 131072
2024-11-20 08:16:07,648 - INFO - Starting direct file download in chunks of 131072 at 0, stride 131072
2024-11-20 08:16:07,769 - INFO - Starting direct file download in chunks of 131072 at 0, stride 131072
2024-11-20 08:16:08,014 - INFO - Starting direct file download in chunks of 131072 at 0, stride 131072
2024-11-20 08:16:08,265 - INFO - Starting direct file download in chunks of 131072 at 0, stride 131072
2024-11-20 08:16:08,626 - INFO - Starting direct file download in chunks of 131072 at 0, stride 131072
2024-11-20 08:16:08,905 - INFO - Starting direct file download in chunks of 131072 at 0, stride 131072
2024-11-20 08:16:09,179 - INFO - Starting direct file download in chunks of 131072 at 0, stride 131072
2024-11-20 08:16:09,302 - INFO - Starting direct file download in chunks of 131072 at 0, stride 131072
2024-11-20 08:16:09,577 - INFO - Starting direct file download in chunks of 131072 at 0, stride 131072
2024-11-20 08:16:09,830 - INFO - Starting direct file download in chunks of 131072 at 0, stride 131072
2024-11-20 08:16:10,091 - INFO - Starting direct file download in chunks of 131072 at 0, stride 131072
2024-11-20 08:16:10,224 - INFO - Starting direct file download in chunks of 131072 at 0, stride 131072
2024-11-20 08:16:10,342 - INFO - Starting direct file download in chunks of 131072 at 0, stride 131072
2024-11-20 08:16:10,478 - INFO - Starting direct file download in chunks of 131072 at 0, stride 131072
2024-11-20 08:16:10,633 - INFO - Starting direct file download in chunks of 131072 at 0, stride 131072
2024-11-20 08:16:10,945 - INFO - Starting direct file download in chunks of 131072 at 0, stride 131072
2024-11-20 08:16:11,072 - ERROR - Error storing raw data: unconverted data remains: +00:00
2024-11-20 08:16:11,072 - INFO - Scraped and stored 100 messages from DoctorsET.
2024-11-20 08:16:11,457 - INFO - Starting direct file download in chunks of 131072 at 0, stride 131072
2024-11-20 08:16:11,703 - INFO - Starting direct file download in chunks of 131072 at 0, stride 131072
2024-11-20 08:16:11,832 - INFO - Starting direct file download in chunks of 131072 at 0, stride 131072
2024-11-20 08:16:12,083 - INFO - Starting direct file download in chunks of 131072 at 0, stride 131072
2024-11-20 08:16:12,200 - INFO - Starting direct file download in chunks of 131072 at 0, stride 131072
2024-11-20 08:16:12,439 - INFO - Starting direct file download in chunks of 131072 at 0, stride 131072
2024-11-20 08:16:12,685 - INFO - Starting direct file download in chunks of 131072 at 0, stride 131072
2024-11-20 08:16:12,923 - INFO - Starting direct file download in chunks of 131072 at 0, stride 131072
2024-11-20 08:16:13,159 - INFO - Starting direct file download in chunks of 131072 at 0, stride 131072
2024-11-20 08:16:13,403 - INFO - Starting direct file download in chunks of 131072 at 0, stride 131072
2024-11-20 08:16:13,650 - INFO - Starting direct file download in chunks of 131072 at 0, stride 131072
2024-11-20 08:16:13,771 - INFO - Starting direct file download in chunks of 131072 at 0, stride 131072
2024-11-20 08:16:14,054 - INFO - Starting direct file download in chunks of 131072 at 0, stride 131072
2024-11-20 08:16:14,183 - INFO - Starting direct file download in chunks of 131072 at 0, stride 131072
2024-11-20 08:16:14,304 - INFO - Starting direct file download in chunks of 131072 at 0, stride 131072
2024-11-20 08:16:14,412 - INFO - Starting direct file download in chunks of 131072 at 0, stride 131072
2024-11-20 08:16:14,650 - INFO - Starting direct file download in chunks of 131072 at 0, stride 131072
2024-11-20 08:16:14,914 - INFO - Starting direct file download in chunks of 131072 at 0, stride 131072
2024-11-20 08:16:15,043 - INFO - Starting direct file download in chunks of 131072 at 0, stride 131072
2024-11-20 08:16:15,158 - INFO - Starting direct file download in chunks of 131072 at 0, stride 131072
2024-11-20 08:16:15,270 - INFO - Starting direct file download in chunks of 131072 at 0, stride 131072
2024-11-20 08:16:15,394 - INFO - Starting direct file download in chunks of 131072 at 0, stride 131072
2024-11-20 08:16:15,548 - INFO - Starting direct file download in chunks of 131072 at 0, stride 131072
2024-11-20 08:16:15,840 - INFO - Starting direct file download in chunks of 131072 at 0, stride 131072
2024-11-20 08:16:15,967 - INFO - Starting direct file download in chunks of 131072 at 0, stride 131072
2024-11-20 08:16:16,096 - INFO - Starting direct file download in chunks of 131072 at 0, stride 131072
2024-11-20 08:16:16,225 - INFO - Starting direct file download in chunks of 131072 at 0, stride 131072
2024-11-20 08:16:16,342 - INFO - Starting direct file download in chunks of 131072 at 0, stride 131072
2024-11-20 08:16:16,487 - INFO - Starting direct file download in chunks of 131072 at 0, stride 131072
2024-11-20 08:16:16,603 - INFO - Starting direct file download in chunks of 131072 at 0, stride 131072
2024-11-20 08:16:16,978 - INFO - Starting direct file download in chunks of 131072 at 0, stride 131072
2024-11-20 08:16:17,291 - INFO - Starting direct file download in chunks of 131072 at 0, stride 131072
2024-11-20 08:16:17,403 - INFO - Starting direct file download in chunks of 131072 at 0, stride 131072
2024-11-20 08:16:17,685 - INFO - Starting direct file download in chunks of 131072 at 0, stride 131072
2024-11-20 08:16:17,936 - INFO - Starting direct file download in chunks of 131072 at 0, stride 131072
2024-11-20 08:16:18,048 - INFO - Starting direct file download in chunks of 131072 at 0, stride 131072
2024-11-20 08:16:18,179 - INFO - Starting direct file download in chunks of 131072 at 0, stride 131072
2024-11-20 08:16:18,315 - INFO - Starting direct file download in chunks of 131072 at 0, stride 131072
2024-11-20 08:16:18,427 - INFO - Starting direct file download in chunks of 131072 at 0, stride 131072
2024-11-20 08:16:18,553 - INFO - Starting direct file download in chunks of 131072 at 0, stride 131072
2024-11-20 08:16:18,660 - INFO - Starting direct file download in chunks of 131072 at 0, stride 131072
2024-11-20 08:16:18,771 - INFO - Starting direct file download in chunks of 131072 at 0, stride 131072
2024-11-20 08:16:18,894 - INFO - Starting direct file download in chunks of 131072 at 0, stride 131072
2024-11-20 08:16:19,013 - INFO - Starting direct file download in chunks of 131072 at 0, stride 131072
2024-11-20 08:16:20,324 - INFO - Starting direct file download in chunks of 131072 at 0, stride 131072
2024-11-20 08:16:20,438 - INFO - Starting direct file download in chunks of 131072 at 0, stride 131072
2024-11-20 08:16:20,545 - INFO - Starting direct file download in chunks of 131072 at 0, stride 131072
2024-11-20 08:16:20,658 - INFO - Starting direct file download in chunks of 131072 at 0, stride 131072
2024-11-20 08:16:20,783 - INFO - Starting direct file download in chunks of 131072 at 0, stride 131072
2024-11-20 08:16:20,898 - INFO - Starting direct file download in chunks of 131072 at 0, stride 131072
2024-11-20 08:16:21,005 - INFO - Starting direct file download in chunks of 131072 at 0, stride 131072
2024-11-20 08:16:21,118 - INFO - Starting direct file download in chunks of 131072 at 0, stride 131072
2024-11-20 08:16:21,230 - INFO - Starting direct file download in chunks of 131072 at 0, stride 131072
2024-11-20 08:16:21,338 - INFO - Starting direct file download in chunks of 131072 at 0, stride 131072
2024-11-20 08:16:21,554 - INFO - Starting direct file download in chunks of 131072 at 0, stride 131072
2024-11-20 08:16:21,676 - INFO - Starting direct file download in chunks of 131072 at 0, stride 131072
2024-11-20 08:16:21,939 - INFO - Starting direct file download in chunks of 131072 at 0, stride 131072
2024-11-20 08:16:22,201 - INFO - Starting direct file download in chunks of 131072 at 0, stride 131072
2024-11-20 08:16:22,314 - INFO - Starting direct file download in chunks of 131072 at 0, stride 131072
2024-11-20 08:16:22,423 - INFO - Starting direct file download in chunks of 131072 at 0, stride 131072
2024-11-20 08:16:22,539 - INFO - Starting direct file download in chunks of 131072 at 0, stride 131072
2024-11-20 08:16:22,678 - INFO - Starting direct file download in chunks of 131072 at 0, stride 131072
2024-11-20 08:16:22,937 - INFO - Starting direct file download in chunks of 131072 at 0, stride 131072
2024-11-20 08:16:23,652 - INFO - Starting direct file download in chunks of 131072 at 0, stride 131072
2024-11-20 08:16:23,806 - INFO - Starting direct file download in chunks of 131072 at 0, stride 131072
2024-11-20 08:16:23,934 - INFO - Starting direct file download in chunks of 131072 at 0, stride 131072
2024-11-20 08:16:24,055 - INFO - Starting direct file download in chunks of 131072 at 0, stride 131072
2024-11-20 08:16:24,357 - INFO - Starting direct file download in chunks of 131072 at 0, stride 131072
2024-11-20 08:16:24,516 - INFO - Starting direct file download in chunks of 131072 at 0, stride 131072
2024-11-20 08:16:24,894 - INFO - Starting direct file download in chunks of 131072 at 0, stride 131072
2024-11-20 08:16:25,162 - INFO - Starting direct file download in chunks of 131072 at 0, stride 131072
2024-11-20 08:16:25,567 - INFO - Starting direct file download in chunks of 131072 at 0, stride 131072
2024-11-20 08:16:25,686 - INFO - Starting direct file download in chunks of 131072 at 0, stride 131072
2024-11-20 08:16:25,828 - INFO - Starting direct file download in chunks of 131072 at 0, stride 131072
2024-11-20 08:16:26,131 - INFO - Starting direct file download in chunks of 131072 at 0, stride 131072
2024-11-20 08:16:26,272 - INFO - Starting direct file download in chunks of 131072 at 0, stride 131072
2024-11-20 08:16:26,419 - INFO - Starting direct file download in chunks of 131072 at 0, stride 131072
2024-11-20 08:16:26,566 - INFO - Starting direct file download in chunks of 131072 at 0, stride 131072
2024-11-20 08:16:26,679 - INFO - Starting direct file download in chunks of 131072 at 0, stride 131072
2024-11-20 08:16:26,789 - INFO - Starting direct file download in chunks of 131072 at 0, stride 131072
2024-11-20 08:16:27,074 - INFO - Starting direct file download in chunks of 131072 at 0, stride 131072
2024-11-20 08:16:27,219 - INFO - Starting direct file download in chunks of 131072 at 0, stride 131072
2024-11-20 08:16:27,392 - INFO - Starting direct file download in chunks of 131072 at 0, stride 131072
2024-11-20 08:16:27,550 - INFO - Starting direct file download in chunks of 131072 at 0, stride 131072
2024-11-20 08:16:27,729 - INFO - Starting direct file download in chunks of 131072 at 0, stride 131072
2024-11-20 08:16:27,886 - INFO - Starting direct file download in chunks of 131072 at 0, stride 131072
2024-11-20 08:16:28,040 - INFO - Starting direct file download in chunks of 131072 at 0, stride 131072
2024-11-20 08:16:28,235 - INFO - Starting direct file download in chunks of 131072 at 0, stride 131072
2024-11-20 08:16:28,443 - INFO - Starting direct file download in chunks of 131072 at 0, stride 131072
2024-11-20 08:16:28,633 - INFO - Starting direct file download in chunks of 131072 at 0, stride 131072
2024-11-20 08:16:28,781 - INFO - Starting direct file download in chunks of 131072 at 0, stride 131072
2024-11-20 08:16:28,931 - INFO - Starting direct file download in chunks of 131072 at 0, stride 131072
2024-11-20 08:16:29,070 - INFO - Starting direct file download in chunks of 131072 at 0, stride 131072
2024-11-20 08:16:29,445 - INFO - Starting direct file download in chunks of 131072 at 0, stride 131072
2024-11-20 08:16:29,585 - INFO - Starting direct file download in chunks of 131072 at 0, stride 131072
2024-11-20 08:16:29,708 - INFO - Starting direct file download in chunks of 131072 at 0, stride 131072
2024-11-20 08:16:29,851 - INFO - Starting direct file download in chunks of 131072 at 0, stride 131072
2024-11-20 08:16:29,995 - INFO - Starting direct file download in chunks of 131072 at 0, stride 131072
2024-11-20 08:16:30,169 - INFO - Starting direct file download in chunks of 131072 at 0, stride 131072
2024-11-20 08:16:30,296 - INFO - Starting direct file download in chunks of 131072 at 0, stride 131072
2024-11-20 08:16:30,411 - ERROR - Error storing raw data: unconverted data remains: +00:00
2024-11-20 08:16:30,411 - INFO - Scraped and stored 100 messages from lobelia4cosmetics.
2024-11-20 08:16:30,825 - INFO - Starting direct file download in chunks of 131072 at 0, stride 131072
2024-11-20 08:16:30,959 - INFO - Starting direct file download in chunks of 131072 at 0, stride 131072
2024-11-20 08:16:31,098 - INFO - Starting direct file download in chunks of 131072 at 0, stride 131072
2024-11-20 08:16:31,239 - INFO - Starting direct file download in chunks of 131072 at 0, stride 131072
2024-11-20 08:16:31,442 - INFO - Starting direct file download in chunks of 131072 at 0, stride 131072
2024-11-20 08:16:31,621 - INFO - Starting direct file download in chunks of 131072 at 0, stride 131072
2024-11-20 08:16:31,774 - INFO - Starting direct file download in chunks of 131072 at 0, stride 131072
2024-11-20 08:16:31,911 - INFO - Starting direct file download in chunks of 131072 at 0, stride 131072
2024-11-20 08:16:32,047 - INFO - Starting direct file download in chunks of 131072 at 0, stride 131072
2024-11-20 08:16:32,233 - INFO - Starting direct file download in chunks of 131072 at 0, stride 131072
2024-11-20 08:16:32,401 - INFO - Starting direct file download in chunks of 131072 at 0, stride 131072
2024-11-20 08:16:32,673 - INFO - Starting direct file download in chunks of 131072 at 0, stride 131072
2024-11-20 08:16:32,827 - INFO - Starting direct file download in chunks of 131072 at 0, stride 131072
2024-11-20 08:16:33,033 - INFO - Starting direct file download in chunks of 131072 at 0, stride 131072
2024-11-20 08:16:33,261 - INFO - Starting direct file download in chunks of 131072 at 0, stride 131072
2024-11-20 08:16:33,578 - INFO - Starting direct file download in chunks of 131072 at 0, stride 131072
2024-11-20 08:16:33,940 - INFO - Starting direct file download in chunks of 131072 at 0, stride 131072
2024-11-20 08:16:34,194 - INFO - Starting direct file download in chunks of 131072 at 0, stride 131072
2024-11-20 08:16:34,569 - INFO - Starting direct file download in chunks of 131072 at 0, stride 131072
2024-11-20 08:16:34,908 - INFO - Starting direct file download in chunks of 131072 at 0, stride 131072
2024-11-20 08:16:35,049 - INFO - Starting direct file download in chunks of 131072 at 0, stride 131072
2024-11-20 08:16:35,206 - INFO - Starting direct file download in chunks of 131072 at 0, stride 131072
2024-11-20 08:16:35,334 - INFO - Starting direct file download in chunks of 131072 at 0, stride 131072
2024-11-20 08:16:35,602 - INFO - Starting direct file download in chunks of 131072 at 0, stride 131072
2024-11-20 08:16:35,843 - INFO - Starting direct file download in chunks of 131072 at 0, stride 131072
2024-11-20 08:16:35,962 - INFO - Starting direct file download in chunks of 131072 at 0, stride 131072
2024-11-20 08:16:36,229 - INFO - Starting direct file download in chunks of 131072 at 0, stride 131072
2024-11-20 08:16:36,697 - INFO - Starting direct file download in chunks of 131072 at 0, stride 131072
2024-11-20 08:16:36,892 - INFO - Starting direct file download in chunks of 131072 at 0, stride 131072
2024-11-20 08:16:37,146 - INFO - Starting direct file download in chunks of 131072 at 0, stride 131072
2024-11-20 08:16:37,350 - INFO - Starting direct file download in chunks of 131072 at 0, stride 131072
2024-11-20 08:16:39,886 - INFO - Starting direct file download in chunks of 131072 at 0, stride 131072
2024-11-20 08:16:40,278 - INFO - Starting direct file download in chunks of 131072 at 0, stride 131072
2024-11-20 08:16:40,637 - INFO - Starting direct file download in chunks of 131072 at 0, stride 131072
2024-11-20 08:16:55,135 - INFO - Starting direct file download in chunks of 131072 at 0, stride 131072
2024-11-20 08:17:01,770 - INFO - Starting direct file download in chunks of 131072 at 0, stride 131072
2024-11-20 08:17:07,905 - INFO - Starting direct file download in chunks of 131072 at 0, stride 131072
2024-11-20 08:17:08,032 - INFO - Starting direct file download in chunks of 131072 at 0, stride 131072
2024-11-20 08:17:08,177 - INFO - Starting direct file download in chunks of 131072 at 0, stride 131072
2024-11-20 08:17:08,353 - INFO - Starting direct file download in chunks of 131072 at 0, stride 131072
2024-11-20 08:17:08,475 - INFO - Starting direct file download in chunks of 131072 at 0, stride 131072
2024-11-20 08:17:08,576 - INFO - File lives in another DC
2024-11-20 08:17:08,577 - INFO - Connecting to 149.154.175.59:443/TcpFull...
2024-11-20 08:17:10,482 - INFO - Connection to 149.154.175.59:443/TcpFull complete!
2024-11-20 08:17:10,482 - INFO - Exporting auth for new borrowed sender in DcOption(id=1, ip_address='149.154.175.59', port=443, ipv6=False, media_only=False, tcpo_only=False, cdn=False, static=False, this_port_only=False, secret=None)
2024-11-20 08:17:12,239 - INFO - Starting direct file download in chunks of 131072 at 0, stride 131072
2024-11-20 08:17:12,656 - INFO - Starting direct file download in chunks of 131072 at 0, stride 131072
2024-11-20 08:17:12,874 - INFO - Starting direct file download in chunks of 131072 at 0, stride 131072
2024-11-20 08:17:13,110 - INFO - Starting direct file download in chunks of 131072 at 0, stride 131072
2024-11-20 08:17:13,238 - INFO - Starting direct file download in chunks of 131072 at 0, stride 131072
2024-11-20 08:17:13,363 - INFO - Starting direct file download in chunks of 131072 at 0, stride 131072
2024-11-20 08:17:13,465 - INFO - File lives in another DC
2024-11-20 08:17:13,821 - INFO - Starting direct file download in chunks of 131072 at 0, stride 131072
2024-11-20 08:17:13,923 - INFO - File lives in another DC
2024-11-20 08:17:14,238 - INFO - Starting direct file download in chunks of 131072 at 0, stride 131072
2024-11-20 08:17:14,341 - INFO - File lives in another DC
2024-11-20 08:17:14,650 - INFO - Starting direct file download in chunks of 131072 at 0, stride 131072
2024-11-20 08:17:14,754 - INFO - File lives in another DC
2024-11-20 08:17:15,062 - INFO - Starting direct file download in chunks of 131072 at 0, stride 131072
2024-11-20 08:17:15,170 - INFO - File lives in another DC
2024-11-20 08:17:15,491 - INFO - Starting direct file download in chunks of 131072 at 0, stride 131072
2024-11-20 08:17:15,594 - INFO - File lives in another DC
2024-11-20 08:17:15,892 - INFO - Starting direct file download in chunks of 131072 at 0, stride 131072
2024-11-20 08:17:16,308 - INFO - Starting direct file download in chunks of 131072 at 0, stride 131072
2024-11-20 08:17:16,458 - INFO - Starting direct file download in chunks of 131072 at 0, stride 131072
2024-11-20 08:17:16,595 - INFO - Starting direct file download in chunks of 131072 at 0, stride 131072
2024-11-20 08:17:16,720 - INFO - Starting direct file download in chunks of 131072 at 0, stride 131072
2024-11-20 08:17:16,859 - INFO - Starting direct file download in chunks of 131072 at 0, stride 131072
2024-11-20 08:17:16,990 - INFO - Starting direct file download in chunks of 131072 at 0, stride 131072
2024-11-20 08:17:17,114 - INFO - Starting direct file download in chunks of 131072 at 0, stride 131072
2024-11-20 08:17:17,229 - INFO - Starting direct file download in chunks of 131072 at 0, stride 131072
2024-11-20 08:17:17,335 - INFO - File lives in another DC
2024-11-20 08:17:17,967 - INFO - Starting direct file download in chunks of 131072 at 0, stride 131072
2024-11-20 08:17:18,211 - INFO - Starting direct file download in chunks of 131072 at 0, stride 131072
2024-11-20 08:17:18,332 - INFO - Starting direct file download in chunks of 131072 at 0, stride 131072
2024-11-20 08:18:20,250 - INFO - Disconnecting borrowed sender for DC 1
2024-11-20 08:18:20,251 - INFO - Disconnecting from 149.154.175.59:443/TcpFull...
2024-11-20 08:18:20,251 - INFO - Disconnection from 149.154.175.59:443/TcpFull complete!
2024-11-20 08:19:12,603 - INFO - Starting direct file download in chunks of 131072 at 0, stride 131072
2024-11-20 08:19:12,726 - INFO - Starting direct file download in chunks of 131072 at 0, stride 131072
2024-11-20 08:19:13,101 - INFO - Starting direct file download in chunks of 131072 at 0, stride 131072
2024-11-20 08:19:13,525 - INFO - Starting direct file download in chunks of 131072 at 0, stride 131072
2024-11-20 08:19:13,776 - INFO - Starting direct file download in chunks of 131072 at 0, stride 131072
2024-11-20 08:19:13,894 - INFO - Starting direct file download in chunks of 131072 at 0, stride 131072
2024-11-20 08:19:14,013 - INFO - Starting direct file download in chunks of 131072 at 0, stride 131072
2024-11-20 08:19:14,255 - INFO - Starting direct file download in chunks of 131072 at 0, stride 131072
2024-11-20 08:19:14,494 - INFO - Starting direct file download in chunks of 131072 at 0, stride 131072
2024-11-20 08:20:38,931 - ERROR - Error storing raw data: unconverted data remains: +00:00
2024-11-20 08:20:38,931 - INFO - Scraped and stored 100 messages from yetenaweg.
2024-11-20 08:20:39,449 - INFO - Starting direct file download in chunks of 131072 at 0, stride 131072
2024-11-20 08:20:39,700 - INFO - Starting direct file download in chunks of 131072 at 0, stride 131072
2024-11-20 08:20:39,947 - INFO - Starting direct file download in chunks of 131072 at 0, stride 131072
2024-11-20 08:20:40,205 - INFO - Starting direct file download in chunks of 131072 at 0, stride 131072
2024-11-20 08:20:40,463 - INFO - Starting direct file download in chunks of 131072 at 0, stride 131072
2024-11-20 08:20:40,709 - INFO - Starting direct file download in chunks of 131072 at 0, stride 131072
2024-11-20 08:20:40,956 - INFO - Starting direct file download in chunks of 131072 at 0, stride 131072
2024-11-20 08:20:41,227 - INFO - Starting direct file download in chunks of 131072 at 0, stride 131072
2024-11-20 08:20:41,559 - INFO - Starting direct file download in chunks of 131072 at 0, stride 131072
2024-11-20 08:20:41,824 - INFO - Starting direct file download in chunks of 131072 at 0, stride 131072
2024-11-20 08:20:42,076 - INFO - Starting direct file download in chunks of 131072 at 0, stride 131072
2024-11-20 08:20:42,196 - INFO - Starting direct file download in chunks of 131072 at 0, stride 131072
2024-11-20 08:20:43,638 - INFO - Starting direct file download in chunks of 131072 at 0, stride 131072
2024-11-20 08:20:43,901 - INFO - Starting direct file download in chunks of 131072 at 0, stride 131072
2024-11-20 08:20:44,146 - INFO - Starting direct file download in chunks of 131072 at 0, stride 131072
2024-11-20 08:20:44,415 - INFO - Starting direct file download in chunks of 131072 at 0, stride 131072
2024-11-20 08:20:44,660 - INFO - Starting direct file download in chunks of 131072 at 0, stride 131072
2024-11-20 08:20:44,911 - INFO - Starting direct file download in chunks of 131072 at 0, stride 131072
2024-11-20 08:20:45,166 - INFO - Starting direct file download in chunks of 131072 at 0, stride 131072
2024-11-20 08:20:45,274 - INFO - Starting direct file download in chunks of 131072 at 0, stride 131072
2024-11-20 08:20:45,533 - INFO - Starting direct file download in chunks of 131072 at 0, stride 131072
2024-11-20 08:20:45,767 - INFO - Starting direct file download in chunks of 131072 at 0, stride 131072
2024-11-20 08:20:46,005 - INFO - Starting direct file download in chunks of 131072 at 0, stride 131072
2024-11-20 08:20:46,365 - INFO - Starting direct file download in chunks of 131072 at 0, stride 131072
2024-11-20 08:20:46,635 - INFO - Starting direct file download in chunks of 131072 at 0, stride 131072
2024-11-20 08:20:46,888 - INFO - Starting direct file download in chunks of 131072 at 0, stride 131072
2024-11-20 08:20:47,137 - INFO - Starting direct file download in chunks of 131072 at 0, stride 131072
2024-11-20 08:20:47,385 - INFO - Starting direct file download in chunks of 131072 at 0, stride 131072
2024-11-20 08:20:47,623 - INFO - Starting direct file download in chunks of 131072 at 0, stride 131072
2024-11-20 08:20:47,920 - INFO - Starting direct file download in chunks of 131072 at 0, stride 131072
2024-11-20 08:20:48,211 - INFO - Starting direct file download in chunks of 131072 at 0, stride 131072
2024-11-20 08:20:48,988 - INFO - Starting direct file download in chunks of 131072 at 0, stride 131072
2024-11-20 08:20:49,112 - INFO - Starting direct file download in chunks of 131072 at 0, stride 131072
2024-11-20 08:20:49,360 - INFO - Starting direct file download in chunks of 131072 at 0, stride 131072
2024-11-20 08:20:49,624 - INFO - Starting direct file download in chunks of 131072 at 0, stride 131072
2024-11-20 08:20:49,744 - INFO - Starting direct file download in chunks of 131072 at 0, stride 131072
2024-11-20 08:20:49,864 - INFO - Starting direct file download in chunks of 131072 at 0, stride 131072
2024-11-20 08:20:49,981 - INFO - Starting direct file download in chunks of 131072 at 0, stride 131072
2024-11-20 08:20:50,101 - INFO - Starting direct file download in chunks of 131072 at 0, stride 131072
2024-11-20 08:20:50,383 - INFO - Starting direct file download in chunks of 131072 at 0, stride 131072
2024-11-20 08:20:50,650 - INFO - Starting direct file download in chunks of 131072 at 0, stride 131072
2024-11-20 08:20:50,946 - INFO - Starting direct file download in chunks of 131072 at 0, stride 131072
2024-11-20 08:20:51,200 - INFO - Starting direct file download in chunks of 131072 at 0, stride 131072
2024-11-20 08:20:51,447 - INFO - Starting direct file download in chunks of 131072 at 0, stride 131072
2024-11-20 08:20:51,790 - INFO - Starting direct file download in chunks of 131072 at 0, stride 131072
2024-11-20 08:20:52,112 - INFO - Starting direct file download in chunks of 131072 at 0, stride 131072
2024-11-20 08:20:52,356 - INFO - Starting direct file download in chunks of 131072 at 0, stride 131072
2024-11-20 08:20:52,486 - INFO - Starting direct file download in chunks of 131072 at 0, stride 131072
2024-11-20 08:20:52,628 - INFO - Starting direct file download in chunks of 131072 at 0, stride 131072
2024-11-20 08:20:52,903 - INFO - Starting direct file download in chunks of 131072 at 0, stride 131072
2024-11-20 08:20:53,036 - INFO - Starting direct file download in chunks of 131072 at 0, stride 131072
2024-11-20 08:20:53,209 - INFO - Starting direct file download in chunks of 131072 at 0, stride 131072
2024-11-20 08:20:53,428 - INFO - Starting direct file download in chunks of 131072 at 0, stride 131072
2024-11-20 08:20:53,754 - INFO - Starting direct file download in chunks of 131072 at 0, stride 131072
2024-11-20 08:20:54,044 - INFO - Starting direct file download in chunks of 131072 at 0, stride 131072
2024-11-20 08:20:54,196 - INFO - Starting direct file download in chunks of 131072 at 0, stride 131072
2024-11-20 08:20:54,375 - INFO - Starting direct file download in chunks of 131072 at 0, stride 131072
2024-11-20 08:20:54,501 - INFO - Starting direct file download in chunks of 131072 at 0, stride 131072
2024-11-20 08:20:54,673 - INFO - Starting direct file download in chunks of 131072 at 0, stride 131072
2024-11-20 08:20:54,843 - INFO - Starting direct file download in chunks of 131072 at 0, stride 131072
2024-11-20 08:20:55,024 - INFO - Starting direct file download in chunks of 131072 at 0, stride 131072
2024-11-20 08:20:55,233 - INFO - Starting direct file download in chunks of 131072 at 0, stride 131072
2024-11-20 08:20:55,408 - INFO - Starting direct file download in chunks of 131072 at 0, stride 131072
2024-11-20 08:20:55,836 - INFO - Starting direct file download in chunks of 131072 at 0, stride 131072
2024-11-20 08:20:55,991 - INFO - Starting direct file download in chunks of 131072 at 0, stride 131072
2024-11-20 08:20:56,366 - INFO - Starting direct file download in chunks of 131072 at 0, stride 131072
2024-11-20 08:20:56,529 - INFO - Starting direct file download in chunks of 131072 at 0, stride 131072
2024-11-20 08:20:56,688 - INFO - Starting direct file download in chunks of 131072 at 0, stride 131072
2024-11-20 08:20:56,971 - INFO - Starting direct file download in chunks of 131072 at 0, stride 131072
2024-11-20 08:20:57,249 - INFO - Starting direct file download in chunks of 131072 at 0, stride 131072
2024-11-20 08:20:57,367 - INFO - Starting direct file download in chunks of 131072 at 0, stride 131072
2024-11-20 08:20:57,493 - INFO - Starting direct file download in chunks of 131072 at 0, stride 131072
2024-11-20 08:20:57,633 - INFO - Starting direct file download in chunks of 131072 at 0, stride 131072
2024-11-20 08:20:57,748 - INFO - Starting direct file download in chunks of 131072 at 0, stride 131072
2024-11-20 08:20:57,886 - INFO - Starting direct file download in chunks of 131072 at 0, stride 131072
2024-11-20 08:20:58,009 - INFO - Starting direct file download in chunks of 131072 at 0, stride 131072
2024-11-20 08:20:58,157 - INFO - Starting direct file download in chunks of 131072 at 0, stride 131072
2024-11-20 08:20:59,928 - INFO - Starting direct file download in chunks of 131072 at 0, stride 131072
2024-11-20 08:21:00,113 - INFO - Starting direct file download in chunks of 131072 at 0, stride 131072
2024-11-20 08:21:00,257 - INFO - Starting direct file download in chunks of 131072 at 0, stride 131072
2024-11-20 08:21:00,423 - ERROR - Error storing raw data: unconverted data remains: +00:00
2024-11-20 08:21:00,423 - INFO - Scraped and stored 100 messages from EAHCI.
2024-11-20 08:21:00,423 - INFO - Disconnecting from 149.154.167.91:443/TcpFull...
2024-11-20 08:21:00,423 - INFO - Disconnection from 149.154.167.91:443/TcpFull complete!
2024-11-20 08:21:00,424 - INFO - Not disconnecting (already have no connection)
2024-11-20 08:21:01,291 - INFO - Telegram scraping process completed successfully.
